{"F:\\Web\\PracticeReactJS\\pizza-order\\src\\App.js": {"path":"F:\\Web\\PracticeReactJS\\pizza-order\\src\\App.js","statementMap":{"0":{"start":{"line":8,"column":17},"end":{"line":8,"column":69}},"1":{"start":{"line":8,"column":28},"end":{"line":8,"column":68}},"2":{"start":{"line":9,"column":20},"end":{"line":9,"column":78}},"3":{"start":{"line":9,"column":31},"end":{"line":9,"column":77}},"4":{"start":{"line":10,"column":18},"end":{"line":12,"column":1}},"5":{"start":{"line":11,"column":2},"end":{"line":11,"column":55}},"6":{"start":{"line":13,"column":21},"end":{"line":15,"column":1}},"7":{"start":{"line":14,"column":2},"end":{"line":14,"column":58}},"8":{"start":{"line":16,"column":21},"end":{"line":18,"column":1}},"9":{"start":{"line":17,"column":2},"end":{"line":17,"column":58}},"10":{"start":{"line":19,"column":20},"end":{"line":21,"column":1}},"11":{"start":{"line":20,"column":2},"end":{"line":20,"column":57}},"12":{"start":{"line":22,"column":19},"end":{"line":24,"column":1}},"13":{"start":{"line":23,"column":2},"end":{"line":23,"column":65}},"14":{"start":{"line":25,"column":19},"end":{"line":27,"column":1}},"15":{"start":{"line":26,"column":2},"end":{"line":26,"column":65}},"16":{"start":{"line":28,"column":22},"end":{"line":30,"column":1}},"17":{"start":{"line":29,"column":2},"end":{"line":29,"column":52}},"18":{"start":{"line":31,"column":18},"end":{"line":31,"column":72}},"19":{"start":{"line":31,"column":29},"end":{"line":31,"column":71}},"20":{"start":{"line":32,"column":20},"end":{"line":32,"column":78}},"21":{"start":{"line":32,"column":31},"end":{"line":32,"column":77}},"22":{"start":{"line":33,"column":17},"end":{"line":33,"column":69}},"23":{"start":{"line":33,"column":28},"end":{"line":33,"column":68}},"24":{"start":{"line":34,"column":20},"end":{"line":34,"column":78}},"25":{"start":{"line":34,"column":31},"end":{"line":34,"column":77}},"26":{"start":{"line":35,"column":25},"end":{"line":37,"column":1}},"27":{"start":{"line":36,"column":2},"end":{"line":36,"column":58}},"28":{"start":{"line":38,"column":19},"end":{"line":38,"column":75}},"29":{"start":{"line":38,"column":30},"end":{"line":38,"column":74}},"30":{"start":{"line":40,"column":12},"end":{"line":68,"column":1}},"31":{"start":{"line":41,"column":2},"end":{"line":67,"column":4}}},"fnMap":{"0":{"name":"(anonymous_0)","decl":{"start":{"line":8,"column":22},"end":{"line":8,"column":23}},"loc":{"start":{"line":8,"column":28},"end":{"line":8,"column":68}},"line":8},"1":{"name":"(anonymous_1)","decl":{"start":{"line":9,"column":25},"end":{"line":9,"column":26}},"loc":{"start":{"line":9,"column":31},"end":{"line":9,"column":77}},"line":9},"2":{"name":"(anonymous_2)","decl":{"start":{"line":10,"column":23},"end":{"line":10,"column":24}},"loc":{"start":{"line":11,"column":2},"end":{"line":11,"column":55}},"line":11},"3":{"name":"(anonymous_3)","decl":{"start":{"line":13,"column":26},"end":{"line":13,"column":27}},"loc":{"start":{"line":14,"column":2},"end":{"line":14,"column":58}},"line":14},"4":{"name":"(anonymous_4)","decl":{"start":{"line":16,"column":26},"end":{"line":16,"column":27}},"loc":{"start":{"line":17,"column":2},"end":{"line":17,"column":58}},"line":17},"5":{"name":"(anonymous_5)","decl":{"start":{"line":19,"column":25},"end":{"line":19,"column":26}},"loc":{"start":{"line":20,"column":2},"end":{"line":20,"column":57}},"line":20},"6":{"name":"(anonymous_6)","decl":{"start":{"line":22,"column":24},"end":{"line":22,"column":25}},"loc":{"start":{"line":23,"column":2},"end":{"line":23,"column":65}},"line":23},"7":{"name":"(anonymous_7)","decl":{"start":{"line":25,"column":24},"end":{"line":25,"column":25}},"loc":{"start":{"line":26,"column":2},"end":{"line":26,"column":65}},"line":26},"8":{"name":"(anonymous_8)","decl":{"start":{"line":28,"column":27},"end":{"line":28,"column":28}},"loc":{"start":{"line":29,"column":2},"end":{"line":29,"column":52}},"line":29},"9":{"name":"(anonymous_9)","decl":{"start":{"line":31,"column":23},"end":{"line":31,"column":24}},"loc":{"start":{"line":31,"column":29},"end":{"line":31,"column":71}},"line":31},"10":{"name":"(anonymous_10)","decl":{"start":{"line":32,"column":25},"end":{"line":32,"column":26}},"loc":{"start":{"line":32,"column":31},"end":{"line":32,"column":77}},"line":32},"11":{"name":"(anonymous_11)","decl":{"start":{"line":33,"column":22},"end":{"line":33,"column":23}},"loc":{"start":{"line":33,"column":28},"end":{"line":33,"column":68}},"line":33},"12":{"name":"(anonymous_12)","decl":{"start":{"line":34,"column":25},"end":{"line":34,"column":26}},"loc":{"start":{"line":34,"column":31},"end":{"line":34,"column":77}},"line":34},"13":{"name":"(anonymous_13)","decl":{"start":{"line":35,"column":30},"end":{"line":35,"column":31}},"loc":{"start":{"line":36,"column":2},"end":{"line":36,"column":58}},"line":36},"14":{"name":"(anonymous_14)","decl":{"start":{"line":38,"column":24},"end":{"line":38,"column":25}},"loc":{"start":{"line":38,"column":30},"end":{"line":38,"column":74}},"line":38},"15":{"name":"(anonymous_15)","decl":{"start":{"line":40,"column":12},"end":{"line":40,"column":13}},"loc":{"start":{"line":40,"column":23},"end":{"line":68,"column":1}},"line":40}},"branchMap":{},"s":{"0":0,"1":0,"2":0,"3":0,"4":0,"5":0,"6":0,"7":0,"8":0,"9":0,"10":0,"11":0,"12":0,"13":0,"14":0,"15":0,"16":0,"17":0,"18":0,"19":0,"20":0,"21":0,"22":0,"23":0,"24":0,"25":0,"26":0,"27":0,"28":0,"29":0,"30":0,"31":0},"f":{"0":0,"1":0,"2":0,"3":0,"4":0,"5":0,"6":0,"7":0,"8":0,"9":0,"10":0,"11":0,"12":0,"13":0,"14":0,"15":0},"b":{},"hash":"c4f878b7b31ae0c997a6e52a72fe036c026595ab"}
,"F:\\Web\\PracticeReactJS\\pizza-order\\src\\index.js": {"path":"F:\\Web\\PracticeReactJS\\pizza-order\\src\\index.js","statementMap":{"0":{"start":{"line":9,"column":2},"end":{"line":11,"column":18}},"1":{"start":{"line":14,"column":0},"end":{"line":14,"column":54}},"2":{"start":{"line":15,"column":0},"end":{"line":15,"column":27}}},"fnMap":{},"branchMap":{},"s":{"0":0,"1":0,"2":0},"f":{},"b":{},"hash":"6506de6887d972503e09c54baa65fd8a121082ae"}
,"F:\\Web\\PracticeReactJS\\pizza-order\\src\\serviceWorker.js": {"path":"F:\\Web\\PracticeReactJS\\pizza-order\\src\\serviceWorker.js","statementMap":{"0":{"start":{"line":13,"column":20},"end":{"line":21,"column":1}},"1":{"start":{"line":24,"column":2},"end":{"line":54,"column":3}},"2":{"start":{"line":26,"column":22},"end":{"line":26,"column":75}},"3":{"start":{"line":27,"column":4},"end":{"line":32,"column":5}},"4":{"start":{"line":31,"column":6},"end":{"line":31,"column":13}},"5":{"start":{"line":34,"column":4},"end":{"line":53,"column":7}},"6":{"start":{"line":35,"column":20},"end":{"line":35,"column":65}},"7":{"start":{"line":37,"column":6},"end":{"line":52,"column":7}},"8":{"start":{"line":39,"column":8},"end":{"line":39,"column":47}},"9":{"start":{"line":43,"column":8},"end":{"line":48,"column":11}},"10":{"start":{"line":44,"column":10},"end":{"line":47,"column":12}},"11":{"start":{"line":51,"column":8},"end":{"line":51,"column":39}},"12":{"start":{"line":58,"column":2},"end":{"line":98,"column":7}},"13":{"start":{"line":61,"column":6},"end":{"line":94,"column":8}},"14":{"start":{"line":62,"column":33},"end":{"line":62,"column":56}},"15":{"start":{"line":63,"column":8},"end":{"line":65,"column":9}},"16":{"start":{"line":64,"column":10},"end":{"line":64,"column":17}},"17":{"start":{"line":66,"column":8},"end":{"line":93,"column":10}},"18":{"start":{"line":67,"column":10},"end":{"line":92,"column":11}},"19":{"start":{"line":68,"column":12},"end":{"line":91,"column":13}},"20":{"start":{"line":72,"column":14},"end":{"line":75,"column":16}},"21":{"start":{"line":78,"column":14},"end":{"line":80,"column":15}},"22":{"start":{"line":79,"column":16},"end":{"line":79,"column":46}},"23":{"start":{"line":85,"column":14},"end":{"line":85,"column":64}},"24":{"start":{"line":88,"column":14},"end":{"line":90,"column":15}},"25":{"start":{"line":89,"column":16},"end":{"line":89,"column":47}},"26":{"start":{"line":97,"column":6},"end":{"line":97,"column":72}},"27":{"start":{"line":103,"column":2},"end":{"line":128,"column":7}},"28":{"start":{"line":108,"column":26},"end":{"line":108,"column":62}},"29":{"start":{"line":109,"column":6},"end":{"line":122,"column":7}},"30":{"start":{"line":114,"column":8},"end":{"line":118,"column":11}},"31":{"start":{"line":115,"column":10},"end":{"line":117,"column":13}},"32":{"start":{"line":116,"column":12},"end":{"line":116,"column":37}},"33":{"start":{"line":121,"column":8},"end":{"line":121,"column":39}},"34":{"start":{"line":125,"column":6},"end":{"line":127,"column":8}},"35":{"start":{"line":132,"column":2},"end":{"line":140,"column":3}},"36":{"start":{"line":133,"column":4},"end":{"line":139,"column":9}},"37":{"start":{"line":135,"column":8},"end":{"line":135,"column":34}},"38":{"start":{"line":138,"column":8},"end":{"line":138,"column":37}}},"fnMap":{"0":{"name":"register","decl":{"start":{"line":23,"column":16},"end":{"line":23,"column":24}},"loc":{"start":{"line":23,"column":33},"end":{"line":55,"column":1}},"line":23},"1":{"name":"(anonymous_1)","decl":{"start":{"line":34,"column":36},"end":{"line":34,"column":37}},"loc":{"start":{"line":34,"column":42},"end":{"line":53,"column":5}},"line":34},"2":{"name":"(anonymous_2)","decl":{"start":{"line":43,"column":43},"end":{"line":43,"column":44}},"loc":{"start":{"line":43,"column":49},"end":{"line":48,"column":9}},"line":43},"3":{"name":"registerValidSW","decl":{"start":{"line":57,"column":9},"end":{"line":57,"column":24}},"loc":{"start":{"line":57,"column":40},"end":{"line":99,"column":1}},"line":57},"4":{"name":"(anonymous_4)","decl":{"start":{"line":60,"column":10},"end":{"line":60,"column":11}},"loc":{"start":{"line":60,"column":28},"end":{"line":95,"column":5}},"line":60},"5":{"name":"(anonymous_5)","decl":{"start":{"line":61,"column":35},"end":{"line":61,"column":36}},"loc":{"start":{"line":61,"column":41},"end":{"line":94,"column":7}},"line":61},"6":{"name":"(anonymous_6)","decl":{"start":{"line":66,"column":41},"end":{"line":66,"column":42}},"loc":{"start":{"line":66,"column":47},"end":{"line":93,"column":9}},"line":66},"7":{"name":"(anonymous_7)","decl":{"start":{"line":96,"column":11},"end":{"line":96,"column":12}},"loc":{"start":{"line":96,"column":22},"end":{"line":98,"column":5}},"line":96},"8":{"name":"checkValidServiceWorker","decl":{"start":{"line":101,"column":9},"end":{"line":101,"column":32}},"loc":{"start":{"line":101,"column":48},"end":{"line":129,"column":1}},"line":101},"9":{"name":"(anonymous_9)","decl":{"start":{"line":106,"column":10},"end":{"line":106,"column":11}},"loc":{"start":{"line":106,"column":24},"end":{"line":123,"column":5}},"line":106},"10":{"name":"(anonymous_10)","decl":{"start":{"line":114,"column":43},"end":{"line":114,"column":44}},"loc":{"start":{"line":114,"column":61},"end":{"line":118,"column":9}},"line":114},"11":{"name":"(anonymous_11)","decl":{"start":{"line":115,"column":41},"end":{"line":115,"column":42}},"loc":{"start":{"line":115,"column":47},"end":{"line":117,"column":11}},"line":115},"12":{"name":"(anonymous_12)","decl":{"start":{"line":124,"column":11},"end":{"line":124,"column":12}},"loc":{"start":{"line":124,"column":17},"end":{"line":128,"column":5}},"line":124},"13":{"name":"unregister","decl":{"start":{"line":131,"column":16},"end":{"line":131,"column":26}},"loc":{"start":{"line":131,"column":29},"end":{"line":141,"column":1}},"line":131},"14":{"name":"(anonymous_14)","decl":{"start":{"line":134,"column":12},"end":{"line":134,"column":13}},"loc":{"start":{"line":134,"column":30},"end":{"line":136,"column":7}},"line":134},"15":{"name":"(anonymous_15)","decl":{"start":{"line":137,"column":13},"end":{"line":137,"column":14}},"loc":{"start":{"line":137,"column":24},"end":{"line":139,"column":7}},"line":137}},"branchMap":{"0":{"loc":{"start":{"line":14,"column":2},"end":{"line":20,"column":5}},"type":"binary-expr","locations":[{"start":{"line":14,"column":2},"end":{"line":14,"column":42}},{"start":{"line":16,"column":4},"end":{"line":16,"column":40}},{"start":{"line":18,"column":4},"end":{"line":20,"column":5}}],"line":14},"1":{"loc":{"start":{"line":24,"column":2},"end":{"line":54,"column":3}},"type":"if","locations":[{"start":{"line":24,"column":2},"end":{"line":54,"column":3}},{"start":{"line":24,"column":2},"end":{"line":54,"column":3}}],"line":24},"2":{"loc":{"start":{"line":24,"column":6},"end":{"line":24,"column":75}},"type":"binary-expr","locations":[{"start":{"line":24,"column":6},"end":{"line":24,"column":43}},{"start":{"line":24,"column":47},"end":{"line":24,"column":75}}],"line":24},"3":{"loc":{"start":{"line":27,"column":4},"end":{"line":32,"column":5}},"type":"if","locations":[{"start":{"line":27,"column":4},"end":{"line":32,"column":5}},{"start":{"line":27,"column":4},"end":{"line":32,"column":5}}],"line":27},"4":{"loc":{"start":{"line":37,"column":6},"end":{"line":52,"column":7}},"type":"if","locations":[{"start":{"line":37,"column":6},"end":{"line":52,"column":7}},{"start":{"line":37,"column":6},"end":{"line":52,"column":7}}],"line":37},"5":{"loc":{"start":{"line":63,"column":8},"end":{"line":65,"column":9}},"type":"if","locations":[{"start":{"line":63,"column":8},"end":{"line":65,"column":9}},{"start":{"line":63,"column":8},"end":{"line":65,"column":9}}],"line":63},"6":{"loc":{"start":{"line":67,"column":10},"end":{"line":92,"column":11}},"type":"if","locations":[{"start":{"line":67,"column":10},"end":{"line":92,"column":11}},{"start":{"line":67,"column":10},"end":{"line":92,"column":11}}],"line":67},"7":{"loc":{"start":{"line":68,"column":12},"end":{"line":91,"column":13}},"type":"if","locations":[{"start":{"line":68,"column":12},"end":{"line":91,"column":13}},{"start":{"line":68,"column":12},"end":{"line":91,"column":13}}],"line":68},"8":{"loc":{"start":{"line":78,"column":14},"end":{"line":80,"column":15}},"type":"if","locations":[{"start":{"line":78,"column":14},"end":{"line":80,"column":15}},{"start":{"line":78,"column":14},"end":{"line":80,"column":15}}],"line":78},"9":{"loc":{"start":{"line":78,"column":18},"end":{"line":78,"column":43}},"type":"binary-expr","locations":[{"start":{"line":78,"column":18},"end":{"line":78,"column":24}},{"start":{"line":78,"column":28},"end":{"line":78,"column":43}}],"line":78},"10":{"loc":{"start":{"line":88,"column":14},"end":{"line":90,"column":15}},"type":"if","locations":[{"start":{"line":88,"column":14},"end":{"line":90,"column":15}},{"start":{"line":88,"column":14},"end":{"line":90,"column":15}}],"line":88},"11":{"loc":{"start":{"line":88,"column":18},"end":{"line":88,"column":44}},"type":"binary-expr","locations":[{"start":{"line":88,"column":18},"end":{"line":88,"column":24}},{"start":{"line":88,"column":28},"end":{"line":88,"column":44}}],"line":88},"12":{"loc":{"start":{"line":109,"column":6},"end":{"line":122,"column":7}},"type":"if","locations":[{"start":{"line":109,"column":6},"end":{"line":122,"column":7}},{"start":{"line":109,"column":6},"end":{"line":122,"column":7}}],"line":109},"13":{"loc":{"start":{"line":110,"column":8},"end":{"line":111,"column":73}},"type":"binary-expr","locations":[{"start":{"line":110,"column":8},"end":{"line":110,"column":31}},{"start":{"line":111,"column":9},"end":{"line":111,"column":28}},{"start":{"line":111,"column":32},"end":{"line":111,"column":72}}],"line":110},"14":{"loc":{"start":{"line":132,"column":2},"end":{"line":140,"column":3}},"type":"if","locations":[{"start":{"line":132,"column":2},"end":{"line":140,"column":3}},{"start":{"line":132,"column":2},"end":{"line":140,"column":3}}],"line":132}},"s":{"0":0,"1":0,"2":0,"3":0,"4":0,"5":0,"6":0,"7":0,"8":0,"9":0,"10":0,"11":0,"12":0,"13":0,"14":0,"15":0,"16":0,"17":0,"18":0,"19":0,"20":0,"21":0,"22":0,"23":0,"24":0,"25":0,"26":0,"27":0,"28":0,"29":0,"30":0,"31":0,"32":0,"33":0,"34":0,"35":0,"36":0,"37":0,"38":0},"f":{"0":0,"1":0,"2":0,"3":0,"4":0,"5":0,"6":0,"7":0,"8":0,"9":0,"10":0,"11":0,"12":0,"13":0,"14":0,"15":0},"b":{"0":[0,0,0],"1":[0,0],"2":[0,0],"3":[0,0],"4":[0,0],"5":[0,0],"6":[0,0],"7":[0,0],"8":[0,0],"9":[0,0],"10":[0,0],"11":[0,0],"12":[0,0],"13":[0,0,0],"14":[0,0]},"hash":"dad4f2d9a93067e189364bbc4b98dd619f5ad56a"}
,"F:\\Web\\PracticeReactJS\\pizza-order\\src\\UI\\LoadingPage\\LoadingPage.js": {"path":"F:\\Web\\PracticeReactJS\\pizza-order\\src\\UI\\LoadingPage\\LoadingPage.js","statementMap":{"0":{"start":{"line":4,"column":20},"end":{"line":11,"column":1}},"1":{"start":{"line":5,"column":2},"end":{"line":10,"column":4}}},"fnMap":{"0":{"name":"(anonymous_0)","decl":{"start":{"line":4,"column":20},"end":{"line":4,"column":21}},"loc":{"start":{"line":4,"column":26},"end":{"line":11,"column":1}},"line":4}},"branchMap":{},"s":{"0":1,"1":1},"f":{"0":1},"b":{},"_coverageSchema":"43e27e138ebf9cfc5966b082cf9a028302ed4184","hash":"d8709c445ee75b1850a989924c3a1eabc8378c82"}
,"F:\\Web\\PracticeReactJS\\pizza-order\\src\\UI\\LoadingPage\\Spinner.js": {"path":"F:\\Web\\PracticeReactJS\\pizza-order\\src\\UI\\LoadingPage\\Spinner.js","statementMap":{"0":{"start":{"line":4,"column":16},"end":{"line":10,"column":1}},"1":{"start":{"line":5,"column":2},"end":{"line":9,"column":4}}},"fnMap":{"0":{"name":"(anonymous_0)","decl":{"start":{"line":4,"column":16},"end":{"line":4,"column":17}},"loc":{"start":{"line":4,"column":22},"end":{"line":10,"column":1}},"line":4}},"branchMap":{},"s":{"0":1,"1":1},"f":{"0":1},"b":{},"_coverageSchema":"43e27e138ebf9cfc5966b082cf9a028302ed4184","hash":"a8dabead45e5d6265b0addbc06172c66c576d98c"}
,"F:\\Web\\PracticeReactJS\\pizza-order\\src\\UI\\Modal\\Modal.js": {"path":"F:\\Web\\PracticeReactJS\\pizza-order\\src\\UI\\Modal\\Modal.js","statementMap":{"0":{"start":{"line":6,"column":18},"end":{"line":101,"column":1}},"1":{"start":{"line":7,"column":29},"end":{"line":7,"column":48}},"2":{"start":{"line":9,"column":40},"end":{"line":9,"column":79}},"3":{"start":{"line":10,"column":42},"end":{"line":13,"column":4}},"4":{"start":{"line":15,"column":28},"end":{"line":19,"column":3}},"5":{"start":{"line":16,"column":4},"end":{"line":18,"column":55}},"6":{"start":{"line":17,"column":6},"end":{"line":17,"column":52}},"7":{"start":{"line":18,"column":9},"end":{"line":18,"column":55}},"8":{"start":{"line":21,"column":29},"end":{"line":25,"column":3}},"9":{"start":{"line":22,"column":4},"end":{"line":24,"column":58}},"10":{"start":{"line":23,"column":6},"end":{"line":23,"column":55}},"11":{"start":{"line":24,"column":9},"end":{"line":24,"column":58}},"12":{"start":{"line":27,"column":20},"end":{"line":32,"column":3}},"13":{"start":{"line":34,"column":22},"end":{"line":40,"column":3}},"14":{"start":{"line":35,"column":4},"end":{"line":35,"column":70}},"15":{"start":{"line":36,"column":4},"end":{"line":36,"column":23}},"16":{"start":{"line":37,"column":4},"end":{"line":37,"column":19}},"17":{"start":{"line":38,"column":4},"end":{"line":38,"column":53}},"18":{"start":{"line":39,"column":4},"end":{"line":39,"column":50}},"19":{"start":{"line":42,"column":2},"end":{"line":100,"column":4}},"20":{"start":{"line":103,"column":19},"end":{"line":156,"column":1}},"21":{"start":{"line":104,"column":20},"end":{"line":104,"column":124}},"22":{"start":{"line":105,"column":16},"end":{"line":105,"column":109}},"23":{"start":{"line":106,"column":2},"end":{"line":155,"column":4}}},"fnMap":{"0":{"name":"(anonymous_0)","decl":{"start":{"line":6,"column":18},"end":{"line":6,"column":19}},"loc":{"start":{"line":6,"column":29},"end":{"line":101,"column":1}},"line":6},"1":{"name":"(anonymous_1)","decl":{"start":{"line":15,"column":28},"end":{"line":15,"column":29}},"loc":{"start":{"line":15,"column":39},"end":{"line":19,"column":3}},"line":15},"2":{"name":"(anonymous_2)","decl":{"start":{"line":21,"column":29},"end":{"line":21,"column":30}},"loc":{"start":{"line":21,"column":40},"end":{"line":25,"column":3}},"line":21},"3":{"name":"(anonymous_3)","decl":{"start":{"line":34,"column":22},"end":{"line":34,"column":23}},"loc":{"start":{"line":34,"column":29},"end":{"line":40,"column":3}},"line":34},"4":{"name":"(anonymous_4)","decl":{"start":{"line":103,"column":19},"end":{"line":103,"column":20}},"loc":{"start":{"line":103,"column":30},"end":{"line":156,"column":1}},"line":103}},"branchMap":{"0":{"loc":{"start":{"line":16,"column":4},"end":{"line":18,"column":55}},"type":"if","locations":[{"start":{"line":16,"column":4},"end":{"line":18,"column":55}},{"start":{"line":16,"column":4},"end":{"line":18,"column":55}}],"line":16},"1":{"loc":{"start":{"line":22,"column":4},"end":{"line":24,"column":58}},"type":"if","locations":[{"start":{"line":22,"column":4},"end":{"line":24,"column":58}},{"start":{"line":22,"column":4},"end":{"line":24,"column":58}}],"line":22},"2":{"loc":{"start":{"line":104,"column":20},"end":{"line":104,"column":124}},"type":"cond-expr","locations":[{"start":{"line":104,"column":79},"end":{"line":104,"column":111}},{"start":{"line":104,"column":114},"end":{"line":104,"column":124}}],"line":104},"3":{"loc":{"start":{"line":104,"column":20},"end":{"line":104,"column":76}},"type":"binary-expr","locations":[{"start":{"line":104,"column":20},"end":{"line":104,"column":40}},{"start":{"line":104,"column":44},"end":{"line":104,"column":76}}],"line":104},"4":{"loc":{"start":{"line":105,"column":16},"end":{"line":105,"column":109}},"type":"cond-expr","locations":[{"start":{"line":105,"column":69},"end":{"line":105,"column":95}},{"start":{"line":105,"column":98},"end":{"line":105,"column":109}}],"line":105},"5":{"loc":{"start":{"line":105,"column":16},"end":{"line":105,"column":66}},"type":"binary-expr","locations":[{"start":{"line":105,"column":16},"end":{"line":105,"column":36}},{"start":{"line":105,"column":40},"end":{"line":105,"column":66}}],"line":105},"6":{"loc":{"start":{"line":111,"column":19},"end":{"line":111,"column":47}},"type":"cond-expr","locations":[{"start":{"line":111,"column":31},"end":{"line":111,"column":38}},{"start":{"line":111,"column":41},"end":{"line":111,"column":47}}],"line":111},"7":{"loc":{"start":{"line":112,"column":19},"end":{"line":112,"column":40}},"type":"cond-expr","locations":[{"start":{"line":112,"column":31},"end":{"line":112,"column":34}},{"start":{"line":112,"column":37},"end":{"line":112,"column":40}}],"line":112},"8":{"loc":{"start":{"line":119,"column":19},"end":{"line":119,"column":47}},"type":"cond-expr","locations":[{"start":{"line":119,"column":31},"end":{"line":119,"column":38}},{"start":{"line":119,"column":41},"end":{"line":119,"column":47}}],"line":119},"9":{"loc":{"start":{"line":120,"column":19},"end":{"line":120,"column":40}},"type":"cond-expr","locations":[{"start":{"line":120,"column":31},"end":{"line":120,"column":34}},{"start":{"line":120,"column":37},"end":{"line":120,"column":40}}],"line":120}},"s":{"0":0,"1":0,"2":0,"3":0,"4":0,"5":0,"6":0,"7":0,"8":0,"9":0,"10":0,"11":0,"12":0,"13":0,"14":0,"15":0,"16":0,"17":0,"18":0,"19":0,"20":0,"21":0,"22":0,"23":0},"f":{"0":0,"1":0,"2":0,"3":0,"4":0},"b":{"0":[0,0],"1":[0,0],"2":[0,0],"3":[0,0],"4":[0,0],"5":[0,0],"6":[0,0],"7":[0,0],"8":[0,0],"9":[0,0]},"hash":"b5f31c007cdd9d61e1c3f2e12abfffa82e309c3a"}
,"F:\\Web\\PracticeReactJS\\pizza-order\\src\\components\\About\\About.js": {"path":"F:\\Web\\PracticeReactJS\\pizza-order\\src\\components\\About\\About.js","statementMap":{"0":{"start":{"line":6,"column":14},"end":{"line":59,"column":1}},"1":{"start":{"line":7,"column":2},"end":{"line":58,"column":4}}},"fnMap":{"0":{"name":"(anonymous_0)","decl":{"start":{"line":6,"column":14},"end":{"line":6,"column":15}},"loc":{"start":{"line":6,"column":20},"end":{"line":59,"column":1}},"line":6}},"branchMap":{},"s":{"0":2,"1":2},"f":{"0":2},"b":{},"_coverageSchema":"43e27e138ebf9cfc5966b082cf9a028302ed4184","hash":"521d2f7da7ce62466683ee175a6044dd40d6fd8a"}
,"F:\\Web\\PracticeReactJS\\pizza-order\\src\\components\\AuthenticationForm\\SignInForm\\SignInForm.js": {"path":"F:\\Web\\PracticeReactJS\\pizza-order\\src\\components\\AuthenticationForm\\SignInForm\\SignInForm.js","statementMap":{"0":{"start":{"line":12,"column":19},"end":{"line":129,"column":1}},"1":{"start":{"line":19,"column":6},"end":{"line":19,"column":25}},"2":{"start":{"line":21,"column":23},"end":{"line":29,"column":4}},"3":{"start":{"line":31,"column":23},"end":{"line":126,"column":3}},"4":{"start":{"line":41,"column":8},"end":{"line":85,"column":13}},"5":{"start":{"line":51,"column":12},"end":{"line":51,"column":39}},"6":{"start":{"line":52,"column":27},"end":{"line":52,"column":40}},"7":{"start":{"line":53,"column":30},"end":{"line":53,"column":55}},"8":{"start":{"line":54,"column":12},"end":{"line":70,"column":21}},"9":{"start":{"line":55,"column":28},"end":{"line":55,"column":41}},"10":{"start":{"line":56,"column":14},"end":{"line":61,"column":17}},"11":{"start":{"line":62,"column":14},"end":{"line":62,"column":39}},"12":{"start":{"line":63,"column":14},"end":{"line":63,"column":34}},"13":{"start":{"line":64,"column":14},"end":{"line":65,"column":44}},"14":{"start":{"line":64,"column":37},"end":{"line":64,"column":55}},"15":{"start":{"line":65,"column":19},"end":{"line":65,"column":44}},"16":{"start":{"line":66,"column":14},"end":{"line":66,"column":54}},"17":{"start":{"line":67,"column":14},"end":{"line":67,"column":72}},"18":{"start":{"line":68,"column":14},"end":{"line":68,"column":76}},"19":{"start":{"line":69,"column":14},"end":{"line":69,"column":35}},"20":{"start":{"line":73,"column":12},"end":{"line":83,"column":13}},"21":{"start":{"line":74,"column":14},"end":{"line":82,"column":23}},"22":{"start":{"line":75,"column":16},"end":{"line":80,"column":19}},"23":{"start":{"line":81,"column":16},"end":{"line":81,"column":37}},"24":{"start":{"line":84,"column":12},"end":{"line":84,"column":50}},"25":{"start":{"line":89,"column":8},"end":{"line":123,"column":15}},"26":{"start":{"line":128,"column":2},"end":{"line":128,"column":29}}},"fnMap":{"0":{"name":"(anonymous_0)","decl":{"start":{"line":12,"column":19},"end":{"line":12,"column":20}},"loc":{"start":{"line":12,"column":30},"end":{"line":129,"column":1}},"line":12},"1":{"name":"(anonymous_1)","decl":{"start":{"line":40,"column":16},"end":{"line":40,"column":17}},"loc":{"start":{"line":40,"column":47},"end":{"line":86,"column":7}},"line":40},"2":{"name":"(anonymous_2)","decl":{"start":{"line":50,"column":16},"end":{"line":50,"column":17}},"loc":{"start":{"line":50,"column":30},"end":{"line":71,"column":11}},"line":50},"3":{"name":"(anonymous_3)","decl":{"start":{"line":54,"column":23},"end":{"line":54,"column":24}},"loc":{"start":{"line":54,"column":29},"end":{"line":70,"column":13}},"line":54},"4":{"name":"(anonymous_4)","decl":{"start":{"line":72,"column":17},"end":{"line":72,"column":18}},"loc":{"start":{"line":72,"column":28},"end":{"line":85,"column":11}},"line":72},"5":{"name":"(anonymous_5)","decl":{"start":{"line":74,"column":25},"end":{"line":74,"column":26}},"loc":{"start":{"line":74,"column":31},"end":{"line":82,"column":15}},"line":74},"6":{"name":"(anonymous_6)","decl":{"start":{"line":88,"column":7},"end":{"line":88,"column":8}},"loc":{"start":{"line":89,"column":8},"end":{"line":123,"column":15}},"line":89}},"branchMap":{"0":{"loc":{"start":{"line":31,"column":23},"end":{"line":126,"column":3}},"type":"cond-expr","locations":[{"start":{"line":32,"column":4},"end":{"line":35,"column":10}},{"start":{"line":37,"column":4},"end":{"line":125,"column":13}}],"line":31},"1":{"loc":{"start":{"line":64,"column":14},"end":{"line":65,"column":44}},"type":"if","locations":[{"start":{"line":64,"column":14},"end":{"line":65,"column":44}},{"start":{"line":64,"column":14},"end":{"line":65,"column":44}}],"line":64},"2":{"loc":{"start":{"line":73,"column":12},"end":{"line":83,"column":13}},"type":"if","locations":[{"start":{"line":73,"column":12},"end":{"line":83,"column":13}},{"start":{"line":73,"column":12},"end":{"line":83,"column":13}}],"line":73}},"s":{"0":1,"1":1,"2":1,"3":1,"4":0,"5":0,"6":0,"7":0,"8":0,"9":0,"10":0,"11":0,"12":0,"13":0,"14":0,"15":0,"16":0,"17":0,"18":0,"19":0,"20":0,"21":0,"22":0,"23":0,"24":0,"25":0,"26":1},"f":{"0":1,"1":0,"2":0,"3":0,"4":0,"5":0,"6":0},"b":{"0":[0,1],"1":[0,0],"2":[0,0]},"_coverageSchema":"43e27e138ebf9cfc5966b082cf9a028302ed4184","hash":"af5aba7b1ff1c4a873afebec4f8cd9c4a9760de6"}
,"F:\\Web\\PracticeReactJS\\pizza-order\\src\\components\\AuthenticationForm\\SignUpForm\\SignUpForm.js": {"path":"F:\\Web\\PracticeReactJS\\pizza-order\\src\\components\\AuthenticationForm\\SignUpForm\\SignUpForm.js","statementMap":{"0":{"start":{"line":9,"column":19},"end":{"line":88,"column":1}},"1":{"start":{"line":10,"column":2},"end":{"line":87,"column":4}},"2":{"start":{"line":89,"column":20},"end":{"line":89,"column":125}},"3":{"start":{"line":90,"column":25},"end":{"line":168,"column":14}},"4":{"start":{"line":92,"column":4},"end":{"line":99,"column":6}},"5":{"start":{"line":128,"column":19},"end":{"line":128,"column":59}},"6":{"start":{"line":129,"column":4},"end":{"line":166,"column":9}},"7":{"start":{"line":140,"column":8},"end":{"line":151,"column":17}},"8":{"start":{"line":141,"column":24},"end":{"line":141,"column":37}},"9":{"start":{"line":142,"column":10},"end":{"line":147,"column":13}},"10":{"start":{"line":148,"column":10},"end":{"line":148,"column":22}},"11":{"start":{"line":149,"column":10},"end":{"line":149,"column":34}},"12":{"start":{"line":150,"column":10},"end":{"line":150,"column":31}},"13":{"start":{"line":154,"column":8},"end":{"line":164,"column":9}},"14":{"start":{"line":155,"column":10},"end":{"line":163,"column":19}},"15":{"start":{"line":156,"column":12},"end":{"line":160,"column":15}},"16":{"start":{"line":161,"column":12},"end":{"line":161,"column":63}},"17":{"start":{"line":162,"column":12},"end":{"line":162,"column":33}},"18":{"start":{"line":165,"column":8},"end":{"line":165,"column":46}}},"fnMap":{"0":{"name":"(anonymous_0)","decl":{"start":{"line":9,"column":19},"end":{"line":9,"column":20}},"loc":{"start":{"line":9,"column":49},"end":{"line":88,"column":1}},"line":9},"1":{"name":"(anonymous_1)","decl":{"start":{"line":91,"column":2},"end":{"line":91,"column":3}},"loc":{"start":{"line":91,"column":21},"end":{"line":100,"column":3}},"line":91},"2":{"name":"(anonymous_2)","decl":{"start":{"line":127,"column":16},"end":{"line":127,"column":17}},"loc":{"start":{"line":127,"column":76},"end":{"line":167,"column":3}},"line":127},"3":{"name":"(anonymous_3)","decl":{"start":{"line":139,"column":12},"end":{"line":139,"column":13}},"loc":{"start":{"line":139,"column":26},"end":{"line":152,"column":7}},"line":139},"4":{"name":"(anonymous_4)","decl":{"start":{"line":140,"column":19},"end":{"line":140,"column":20}},"loc":{"start":{"line":140,"column":25},"end":{"line":151,"column":9}},"line":140},"5":{"name":"(anonymous_5)","decl":{"start":{"line":153,"column":13},"end":{"line":153,"column":14}},"loc":{"start":{"line":153,"column":24},"end":{"line":166,"column":7}},"line":153},"6":{"name":"(anonymous_6)","decl":{"start":{"line":155,"column":21},"end":{"line":155,"column":22}},"loc":{"start":{"line":155,"column":27},"end":{"line":163,"column":11}},"line":155}},"branchMap":{"0":{"loc":{"start":{"line":154,"column":8},"end":{"line":164,"column":9}},"type":"if","locations":[{"start":{"line":154,"column":8},"end":{"line":164,"column":9}},{"start":{"line":154,"column":8},"end":{"line":164,"column":9}}],"line":154}},"s":{"0":0,"1":0,"2":0,"3":0,"4":0,"5":0,"6":0,"7":0,"8":0,"9":0,"10":0,"11":0,"12":0,"13":0,"14":0,"15":0,"16":0,"17":0,"18":0},"f":{"0":0,"1":0,"2":0,"3":0,"4":0,"5":0,"6":0},"b":{"0":[0,0]},"hash":"59a10012418b33ff397708c0b8053e64de9372ff"}
,"F:\\Web\\PracticeReactJS\\pizza-order\\src\\components\\Carosel\\Carosel.js": {"path":"F:\\Web\\PracticeReactJS\\pizza-order\\src\\components\\Carosel\\Carosel.js","statementMap":{"0":{"start":{"line":8,"column":17},"end":{"line":27,"column":1}},"1":{"start":{"line":9,"column":2},"end":{"line":26,"column":4}}},"fnMap":{"0":{"name":"(anonymous_0)","decl":{"start":{"line":8,"column":17},"end":{"line":8,"column":18}},"loc":{"start":{"line":8,"column":23},"end":{"line":27,"column":1}},"line":8}},"branchMap":{},"s":{"0":1,"1":1},"f":{"0":1},"b":{},"_coverageSchema":"43e27e138ebf9cfc5966b082cf9a028302ed4184","hash":"b1beb320cab59af1cf0a7a6d4cd240015cd751f0"}
,"F:\\Web\\PracticeReactJS\\pizza-order\\src\\components\\Cart\\BigCart.js": {"path":"F:\\Web\\PracticeReactJS\\pizza-order\\src\\components\\Cart\\BigCart.js","statementMap":{"0":{"start":{"line":6,"column":16},"end":{"line":94,"column":1}},"1":{"start":{"line":15,"column":6},"end":{"line":15,"column":25}},"2":{"start":{"line":16,"column":19},"end":{"line":16,"column":20}},"3":{"start":{"line":18,"column":19},"end":{"line":52,"column":4}},"4":{"start":{"line":19,"column":22},"end":{"line":19,"column":55}},"5":{"start":{"line":20,"column":28},"end":{"line":20,"column":76}},"6":{"start":{"line":21,"column":4},"end":{"line":21,"column":28}},"7":{"start":{"line":22,"column":4},"end":{"line":22,"column":33}},"8":{"start":{"line":23,"column":4},"end":{"line":51,"column":6}},"9":{"start":{"line":29,"column":27},"end":{"line":29,"column":49}},"10":{"start":{"line":36,"column":27},"end":{"line":36,"column":49}},"11":{"start":{"line":44,"column":27},"end":{"line":44,"column":47}},"12":{"start":{"line":54,"column":2},"end":{"line":56,"column":13}},"13":{"start":{"line":55,"column":4},"end":{"line":55,"column":55}},"14":{"start":{"line":58,"column":2},"end":{"line":93,"column":4}},"15":{"start":{"line":87,"column":25},"end":{"line":87,"column":47}}},"fnMap":{"0":{"name":"(anonymous_0)","decl":{"start":{"line":6,"column":16},"end":{"line":6,"column":17}},"loc":{"start":{"line":6,"column":27},"end":{"line":94,"column":1}},"line":6},"1":{"name":"(anonymous_1)","decl":{"start":{"line":18,"column":28},"end":{"line":18,"column":29}},"loc":{"start":{"line":18,"column":45},"end":{"line":52,"column":3}},"line":18},"2":{"name":"(anonymous_2)","decl":{"start":{"line":29,"column":21},"end":{"line":29,"column":22}},"loc":{"start":{"line":29,"column":27},"end":{"line":29,"column":49}},"line":29},"3":{"name":"(anonymous_3)","decl":{"start":{"line":36,"column":21},"end":{"line":36,"column":22}},"loc":{"start":{"line":36,"column":27},"end":{"line":36,"column":49}},"line":36},"4":{"name":"(anonymous_4)","decl":{"start":{"line":44,"column":21},"end":{"line":44,"column":22}},"loc":{"start":{"line":44,"column":27},"end":{"line":44,"column":47}},"line":44},"5":{"name":"(anonymous_5)","decl":{"start":{"line":54,"column":12},"end":{"line":54,"column":13}},"loc":{"start":{"line":54,"column":18},"end":{"line":56,"column":3}},"line":54},"6":{"name":"(anonymous_6)","decl":{"start":{"line":87,"column":19},"end":{"line":87,"column":20}},"loc":{"start":{"line":87,"column":25},"end":{"line":87,"column":47}},"line":87}},"branchMap":{},"s":{"0":1,"1":0,"2":0,"3":0,"4":0,"5":0,"6":0,"7":0,"8":0,"9":0,"10":0,"11":0,"12":0,"13":0,"14":0,"15":0},"f":{"0":0,"1":0,"2":0,"3":0,"4":0,"5":0,"6":0},"b":{},"_coverageSchema":"43e27e138ebf9cfc5966b082cf9a028302ed4184","hash":"0f811447ddbaea8d42053ab12d72258a7df36b75"}
,"F:\\Web\\PracticeReactJS\\pizza-order\\src\\components\\Cart\\Cart.js": {"path":"F:\\Web\\PracticeReactJS\\pizza-order\\src\\components\\Cart\\Cart.js","statementMap":{"0":{"start":{"line":6,"column":13},"end":{"line":73,"column":1}},"1":{"start":{"line":14,"column":6},"end":{"line":14,"column":25}},"2":{"start":{"line":15,"column":19},"end":{"line":15,"column":20}},"3":{"start":{"line":17,"column":19},"end":{"line":50,"column":4}},"4":{"start":{"line":18,"column":22},"end":{"line":18,"column":55}},"5":{"start":{"line":19,"column":28},"end":{"line":19,"column":76}},"6":{"start":{"line":20,"column":4},"end":{"line":20,"column":28}},"7":{"start":{"line":21,"column":4},"end":{"line":21,"column":33}},"8":{"start":{"line":23,"column":4},"end":{"line":49,"column":6}},"9":{"start":{"line":29,"column":27},"end":{"line":29,"column":49}},"10":{"start":{"line":36,"column":27},"end":{"line":36,"column":49}},"11":{"start":{"line":44,"column":25},"end":{"line":44,"column":45}},"12":{"start":{"line":52,"column":2},"end":{"line":54,"column":13}},"13":{"start":{"line":53,"column":4},"end":{"line":53,"column":55}},"14":{"start":{"line":56,"column":2},"end":{"line":72,"column":4}},"15":{"start":{"line":68,"column":55},"end":{"line":68,"column":77}}},"fnMap":{"0":{"name":"(anonymous_0)","decl":{"start":{"line":6,"column":13},"end":{"line":6,"column":14}},"loc":{"start":{"line":6,"column":24},"end":{"line":73,"column":1}},"line":6},"1":{"name":"(anonymous_1)","decl":{"start":{"line":17,"column":28},"end":{"line":17,"column":29}},"loc":{"start":{"line":17,"column":45},"end":{"line":50,"column":3}},"line":17},"2":{"name":"(anonymous_2)","decl":{"start":{"line":29,"column":21},"end":{"line":29,"column":22}},"loc":{"start":{"line":29,"column":27},"end":{"line":29,"column":49}},"line":29},"3":{"name":"(anonymous_3)","decl":{"start":{"line":36,"column":21},"end":{"line":36,"column":22}},"loc":{"start":{"line":36,"column":27},"end":{"line":36,"column":49}},"line":36},"4":{"name":"(anonymous_4)","decl":{"start":{"line":44,"column":19},"end":{"line":44,"column":20}},"loc":{"start":{"line":44,"column":25},"end":{"line":44,"column":45}},"line":44},"5":{"name":"(anonymous_5)","decl":{"start":{"line":52,"column":12},"end":{"line":52,"column":13}},"loc":{"start":{"line":52,"column":18},"end":{"line":54,"column":3}},"line":52},"6":{"name":"(anonymous_6)","decl":{"start":{"line":68,"column":49},"end":{"line":68,"column":50}},"loc":{"start":{"line":68,"column":55},"end":{"line":68,"column":77}},"line":68}},"branchMap":{},"s":{"0":0,"1":0,"2":0,"3":0,"4":0,"5":0,"6":0,"7":0,"8":0,"9":0,"10":0,"11":0,"12":0,"13":0,"14":0,"15":0},"f":{"0":0,"1":0,"2":0,"3":0,"4":0,"5":0,"6":0},"b":{},"hash":"86c332574d4cc21a8f4f62d7cbebaa5fe8055934"}
,"F:\\Web\\PracticeReactJS\\pizza-order\\src\\components\\Cart\\MiniCart.js": {"path":"F:\\Web\\PracticeReactJS\\pizza-order\\src\\components\\Cart\\MiniCart.js","statementMap":{"0":{"start":{"line":6,"column":17},"end":{"line":33,"column":1}},"1":{"start":{"line":7,"column":48},"end":{"line":7,"column":67}},"2":{"start":{"line":8,"column":22},"end":{"line":8,"column":32}},"3":{"start":{"line":9,"column":2},"end":{"line":9,"column":43}},"4":{"start":{"line":9,"column":25},"end":{"line":9,"column":43}},"5":{"start":{"line":10,"column":20},"end":{"line":15,"column":3}},"6":{"start":{"line":11,"column":16},"end":{"line":11,"column":17}},"7":{"start":{"line":12,"column":4},"end":{"line":12,"column":33}},"8":{"start":{"line":12,"column":24},"end":{"line":12,"column":33}},"9":{"start":{"line":13,"column":4},"end":{"line":13,"column":61}},"10":{"start":{"line":13,"column":14},"end":{"line":13,"column":15}},"11":{"start":{"line":13,"column":37},"end":{"line":13,"column":61}},"12":{"start":{"line":14,"column":4},"end":{"line":14,"column":17}},"13":{"start":{"line":16,"column":2},"end":{"line":32,"column":4}},"14":{"start":{"line":27,"column":23},"end":{"line":27,"column":45}}},"fnMap":{"0":{"name":"(anonymous_0)","decl":{"start":{"line":6,"column":17},"end":{"line":6,"column":18}},"loc":{"start":{"line":6,"column":28},"end":{"line":33,"column":1}},"line":6},"1":{"name":"(anonymous_1)","decl":{"start":{"line":10,"column":20},"end":{"line":10,"column":21}},"loc":{"start":{"line":10,"column":30},"end":{"line":15,"column":3}},"line":10},"2":{"name":"(anonymous_2)","decl":{"start":{"line":27,"column":17},"end":{"line":27,"column":18}},"loc":{"start":{"line":27,"column":23},"end":{"line":27,"column":45}},"line":27}},"branchMap":{"0":{"loc":{"start":{"line":9,"column":2},"end":{"line":9,"column":43}},"type":"if","locations":[{"start":{"line":9,"column":2},"end":{"line":9,"column":43}},{"start":{"line":9,"column":2},"end":{"line":9,"column":43}}],"line":9},"1":{"loc":{"start":{"line":12,"column":4},"end":{"line":12,"column":33}},"type":"if","locations":[{"start":{"line":12,"column":4},"end":{"line":12,"column":33}},{"start":{"line":12,"column":4},"end":{"line":12,"column":33}}],"line":12}},"s":{"0":0,"1":0,"2":0,"3":0,"4":0,"5":0,"6":0,"7":0,"8":0,"9":0,"10":0,"11":0,"12":0,"13":0,"14":0},"f":{"0":0,"1":0,"2":0},"b":{"0":[0,0],"1":[0,0]},"hash":"d00ea676aca5795dccf5aefd7b84eeebe4aad4a5"}
,"F:\\Web\\PracticeReactJS\\pizza-order\\src\\components\\Contact\\Contact.js": {"path":"F:\\Web\\PracticeReactJS\\pizza-order\\src\\components\\Contact\\Contact.js","statementMap":{"0":{"start":{"line":5,"column":16},"end":{"line":51,"column":1}},"1":{"start":{"line":6,"column":2},"end":{"line":50,"column":4}}},"fnMap":{"0":{"name":"(anonymous_0)","decl":{"start":{"line":5,"column":16},"end":{"line":5,"column":17}},"loc":{"start":{"line":5,"column":22},"end":{"line":51,"column":1}},"line":5}},"branchMap":{},"s":{"0":2,"1":2},"f":{"0":2},"b":{},"_coverageSchema":"43e27e138ebf9cfc5966b082cf9a028302ed4184","hash":"633ca1eec4bcd5c660276544826fdc762b2ec088"}
,"F:\\Web\\PracticeReactJS\\pizza-order\\src\\components\\Footer\\Footer.js": {"path":"F:\\Web\\PracticeReactJS\\pizza-order\\src\\components\\Footer\\Footer.js","statementMap":{"0":{"start":{"line":6,"column":15},"end":{"line":27,"column":1}},"1":{"start":{"line":7,"column":2},"end":{"line":26,"column":11}}},"fnMap":{"0":{"name":"(anonymous_0)","decl":{"start":{"line":6,"column":15},"end":{"line":6,"column":16}},"loc":{"start":{"line":7,"column":2},"end":{"line":26,"column":11}},"line":7}},"branchMap":{},"s":{"0":6,"1":6},"f":{"0":6},"b":{},"_coverageSchema":"43e27e138ebf9cfc5966b082cf9a028302ed4184","hash":"421b075f857d15b3890c90f0713045b5bb2e763c"}
,"F:\\Web\\PracticeReactJS\\pizza-order\\src\\components\\Header\\Header.js": {"path":"F:\\Web\\PracticeReactJS\\pizza-order\\src\\components\\Header\\Header.js","statementMap":{"0":{"start":{"line":10,"column":15},"end":{"line":91,"column":1}},"1":{"start":{"line":11,"column":36},"end":{"line":11,"column":51}},"2":{"start":{"line":12,"column":62},"end":{"line":14,"column":3}},"3":{"start":{"line":16,"column":31},"end":{"line":19,"column":3}},"4":{"start":{"line":17,"column":25},"end":{"line":17,"column":34}},"5":{"start":{"line":18,"column":4},"end":{"line":18,"column":32}},"6":{"start":{"line":21,"column":13},"end":{"line":21,"column":38}},"7":{"start":{"line":22,"column":27},"end":{"line":22,"column":77}},"8":{"start":{"line":24,"column":31},"end":{"line":60,"column":3}},"9":{"start":{"line":34,"column":12},"end":{"line":34,"column":38}},"10":{"start":{"line":35,"column":12},"end":{"line":35,"column":31}},"11":{"start":{"line":36,"column":12},"end":{"line":40,"column":15}},"12":{"start":{"line":41,"column":12},"end":{"line":41,"column":61}},"13":{"start":{"line":42,"column":12},"end":{"line":42,"column":75}},"14":{"start":{"line":43,"column":12},"end":{"line":43,"column":62}},"15":{"start":{"line":62,"column":20},"end":{"line":67,"column":3}},"16":{"start":{"line":63,"column":16},"end":{"line":63,"column":17}},"17":{"start":{"line":64,"column":4},"end":{"line":64,"column":33}},"18":{"start":{"line":64,"column":24},"end":{"line":64,"column":33}},"19":{"start":{"line":65,"column":4},"end":{"line":65,"column":61}},"20":{"start":{"line":65,"column":14},"end":{"line":65,"column":15}},"21":{"start":{"line":65,"column":37},"end":{"line":65,"column":61}},"22":{"start":{"line":66,"column":4},"end":{"line":66,"column":17}},"23":{"start":{"line":69,"column":2},"end":{"line":90,"column":4}}},"fnMap":{"0":{"name":"(anonymous_0)","decl":{"start":{"line":10,"column":15},"end":{"line":10,"column":16}},"loc":{"start":{"line":10,"column":21},"end":{"line":91,"column":1}},"line":10},"1":{"name":"(anonymous_1)","decl":{"start":{"line":16,"column":31},"end":{"line":16,"column":32}},"loc":{"start":{"line":16,"column":37},"end":{"line":19,"column":3}},"line":16},"2":{"name":"(anonymous_2)","decl":{"start":{"line":33,"column":19},"end":{"line":33,"column":20}},"loc":{"start":{"line":33,"column":26},"end":{"line":44,"column":11}},"line":33},"3":{"name":"(anonymous_3)","decl":{"start":{"line":62,"column":20},"end":{"line":62,"column":21}},"loc":{"start":{"line":62,"column":30},"end":{"line":67,"column":3}},"line":62}},"branchMap":{"0":{"loc":{"start":{"line":21,"column":13},"end":{"line":21,"column":38}},"type":"cond-expr","locations":[{"start":{"line":21,"column":25},"end":{"line":21,"column":33}},{"start":{"line":21,"column":36},"end":{"line":21,"column":38}}],"line":21},"1":{"loc":{"start":{"line":22,"column":27},"end":{"line":22,"column":77}},"type":"cond-expr","locations":[{"start":{"line":22,"column":39},"end":{"line":22,"column":56}},{"start":{"line":22,"column":59},"end":{"line":22,"column":77}}],"line":22},"2":{"loc":{"start":{"line":24,"column":31},"end":{"line":60,"column":3}},"type":"cond-expr","locations":[{"start":{"line":25,"column":4},"end":{"line":49,"column":7}},{"start":{"line":51,"column":4},"end":{"line":59,"column":7}}],"line":24},"3":{"loc":{"start":{"line":64,"column":4},"end":{"line":64,"column":33}},"type":"if","locations":[{"start":{"line":64,"column":4},"end":{"line":64,"column":33}},{"start":{"line":64,"column":4},"end":{"line":64,"column":33}}],"line":64}},"s":{"0":5,"1":5,"2":5,"3":5,"4":0,"5":0,"6":5,"7":5,"8":5,"9":0,"10":0,"11":0,"12":0,"13":0,"14":0,"15":5,"16":5,"17":5,"18":5,"19":0,"20":0,"21":0,"22":0,"23":5},"f":{"0":5,"1":0,"2":0,"3":5},"b":{"0":[0,5],"1":[0,5],"2":[0,5],"3":[5,0]},"_coverageSchema":"43e27e138ebf9cfc5966b082cf9a028302ed4184","hash":"fa20326b784398c1cd26dfe62b7554f9650c5632"}
,"F:\\Web\\PracticeReactJS\\pizza-order\\src\\components\\Item\\Beverage.js": {"path":"F:\\Web\\PracticeReactJS\\pizza-order\\src\\components\\Item\\Beverage.js","statementMap":{"0":{"start":{"line":7,"column":21},"end":{"line":79,"column":1}},"1":{"start":{"line":8,"column":42},"end":{"line":8,"column":54}},"2":{"start":{"line":9,"column":32},"end":{"line":9,"column":47}},"3":{"start":{"line":10,"column":24},"end":{"line":10,"column":43}},"4":{"start":{"line":11,"column":21},"end":{"line":11,"column":76}},"5":{"start":{"line":11,"column":29},"end":{"line":11,"column":75}},"6":{"start":{"line":12,"column":2},"end":{"line":29,"column":9}},"7":{"start":{"line":13,"column":18},"end":{"line":13,"column":22}},"8":{"start":{"line":14,"column":4},"end":{"line":27,"column":5}},"9":{"start":{"line":15,"column":6},"end":{"line":26,"column":11}},"10":{"start":{"line":21,"column":10},"end":{"line":21,"column":50}},"11":{"start":{"line":22,"column":10},"end":{"line":22,"column":27}},"12":{"start":{"line":25,"column":10},"end":{"line":25,"column":29}},"13":{"start":{"line":28,"column":4},"end":{"line":28,"column":35}},"14":{"start":{"line":28,"column":18},"end":{"line":28,"column":33}},"15":{"start":{"line":31,"column":15},"end":{"line":57,"column":3}},"16":{"start":{"line":32,"column":4},"end":{"line":56,"column":7}},"17":{"start":{"line":49,"column":14},"end":{"line":49,"column":30}},"18":{"start":{"line":50,"column":14},"end":{"line":50,"column":33}},"19":{"start":{"line":59,"column":27},"end":{"line":74,"column":3}},"20":{"start":{"line":61,"column":6},"end":{"line":70,"column":8}},"21":{"start":{"line":78,"column":2},"end":{"line":78,"column":33}}},"fnMap":{"0":{"name":"(anonymous_0)","decl":{"start":{"line":7,"column":21},"end":{"line":7,"column":22}},"loc":{"start":{"line":7,"column":27},"end":{"line":79,"column":1}},"line":7},"1":{"name":"(anonymous_1)","decl":{"start":{"line":11,"column":21},"end":{"line":11,"column":22}},"loc":{"start":{"line":11,"column":27},"end":{"line":11,"column":76}},"line":11},"2":{"name":"(anonymous_2)","decl":{"start":{"line":12,"column":12},"end":{"line":12,"column":13}},"loc":{"start":{"line":12,"column":18},"end":{"line":29,"column":3}},"line":12},"3":{"name":"(anonymous_3)","decl":{"start":{"line":20,"column":14},"end":{"line":20,"column":15}},"loc":{"start":{"line":20,"column":28},"end":{"line":23,"column":9}},"line":20},"4":{"name":"(anonymous_4)","decl":{"start":{"line":24,"column":15},"end":{"line":24,"column":16}},"loc":{"start":{"line":24,"column":26},"end":{"line":26,"column":9}},"line":24},"5":{"name":"(anonymous_5)","decl":{"start":{"line":28,"column":11},"end":{"line":28,"column":12}},"loc":{"start":{"line":28,"column":18},"end":{"line":28,"column":33}},"line":28},"6":{"name":"(anonymous_6)","decl":{"start":{"line":31,"column":15},"end":{"line":31,"column":16}},"loc":{"start":{"line":32,"column":4},"end":{"line":56,"column":7}},"line":32},"7":{"name":"(anonymous_7)","decl":{"start":{"line":48,"column":21},"end":{"line":48,"column":22}},"loc":{"start":{"line":48,"column":28},"end":{"line":51,"column":13}},"line":48},"8":{"name":"(anonymous_8)","decl":{"start":{"line":60,"column":21},"end":{"line":60,"column":22}},"loc":{"start":{"line":60,"column":31},"end":{"line":71,"column":5}},"line":60}},"branchMap":{"0":{"loc":{"start":{"line":14,"column":4},"end":{"line":27,"column":5}},"type":"if","locations":[{"start":{"line":14,"column":4},"end":{"line":27,"column":5}},{"start":{"line":14,"column":4},"end":{"line":27,"column":5}}],"line":14},"1":{"loc":{"start":{"line":59,"column":27},"end":{"line":74,"column":3}},"type":"cond-expr","locations":[{"start":{"line":60,"column":4},"end":{"line":71,"column":6}},{"start":{"line":73,"column":4},"end":{"line":73,"column":14}}],"line":59}},"s":{"0":0,"1":0,"2":0,"3":0,"4":0,"5":0,"6":0,"7":0,"8":0,"9":0,"10":0,"11":0,"12":0,"13":0,"14":0,"15":0,"16":0,"17":0,"18":0,"19":0,"20":0,"21":0},"f":{"0":0,"1":0,"2":0,"3":0,"4":0,"5":0,"6":0,"7":0,"8":0},"b":{"0":[0,0],"1":[0,0]},"hash":"8ed23005484665e9539c070db22a14e79f3d33de"}
,"F:\\Web\\PracticeReactJS\\pizza-order\\src\\components\\Item\\Dessert.js": {"path":"F:\\Web\\PracticeReactJS\\pizza-order\\src\\components\\Item\\Dessert.js","statementMap":{"0":{"start":{"line":7,"column":20},"end":{"line":78,"column":1}},"1":{"start":{"line":8,"column":40},"end":{"line":8,"column":52}},"2":{"start":{"line":9,"column":32},"end":{"line":9,"column":47}},"3":{"start":{"line":10,"column":21},"end":{"line":10,"column":76}},"4":{"start":{"line":10,"column":29},"end":{"line":10,"column":75}},"5":{"start":{"line":11,"column":2},"end":{"line":28,"column":9}},"6":{"start":{"line":12,"column":18},"end":{"line":12,"column":22}},"7":{"start":{"line":13,"column":4},"end":{"line":26,"column":5}},"8":{"start":{"line":14,"column":6},"end":{"line":25,"column":11}},"9":{"start":{"line":20,"column":10},"end":{"line":20,"column":49}},"10":{"start":{"line":21,"column":10},"end":{"line":21,"column":27}},"11":{"start":{"line":24,"column":10},"end":{"line":24,"column":29}},"12":{"start":{"line":27,"column":4},"end":{"line":27,"column":35}},"13":{"start":{"line":27,"column":18},"end":{"line":27,"column":33}},"14":{"start":{"line":30,"column":24},"end":{"line":30,"column":43}},"15":{"start":{"line":32,"column":15},"end":{"line":58,"column":3}},"16":{"start":{"line":33,"column":4},"end":{"line":57,"column":7}},"17":{"start":{"line":50,"column":14},"end":{"line":50,"column":30}},"18":{"start":{"line":51,"column":14},"end":{"line":51,"column":33}},"19":{"start":{"line":60,"column":26},"end":{"line":75,"column":3}},"20":{"start":{"line":62,"column":6},"end":{"line":71,"column":8}},"21":{"start":{"line":77,"column":2},"end":{"line":77,"column":32}}},"fnMap":{"0":{"name":"(anonymous_0)","decl":{"start":{"line":7,"column":20},"end":{"line":7,"column":21}},"loc":{"start":{"line":7,"column":26},"end":{"line":78,"column":1}},"line":7},"1":{"name":"(anonymous_1)","decl":{"start":{"line":10,"column":21},"end":{"line":10,"column":22}},"loc":{"start":{"line":10,"column":27},"end":{"line":10,"column":76}},"line":10},"2":{"name":"(anonymous_2)","decl":{"start":{"line":11,"column":12},"end":{"line":11,"column":13}},"loc":{"start":{"line":11,"column":18},"end":{"line":28,"column":3}},"line":11},"3":{"name":"(anonymous_3)","decl":{"start":{"line":19,"column":14},"end":{"line":19,"column":15}},"loc":{"start":{"line":19,"column":28},"end":{"line":22,"column":9}},"line":19},"4":{"name":"(anonymous_4)","decl":{"start":{"line":23,"column":15},"end":{"line":23,"column":16}},"loc":{"start":{"line":23,"column":26},"end":{"line":25,"column":9}},"line":23},"5":{"name":"(anonymous_5)","decl":{"start":{"line":27,"column":11},"end":{"line":27,"column":12}},"loc":{"start":{"line":27,"column":18},"end":{"line":27,"column":33}},"line":27},"6":{"name":"(anonymous_6)","decl":{"start":{"line":32,"column":15},"end":{"line":32,"column":16}},"loc":{"start":{"line":33,"column":4},"end":{"line":57,"column":7}},"line":33},"7":{"name":"(anonymous_7)","decl":{"start":{"line":49,"column":21},"end":{"line":49,"column":22}},"loc":{"start":{"line":49,"column":28},"end":{"line":52,"column":13}},"line":49},"8":{"name":"(anonymous_8)","decl":{"start":{"line":61,"column":20},"end":{"line":61,"column":21}},"loc":{"start":{"line":61,"column":30},"end":{"line":72,"column":5}},"line":61}},"branchMap":{"0":{"loc":{"start":{"line":13,"column":4},"end":{"line":26,"column":5}},"type":"if","locations":[{"start":{"line":13,"column":4},"end":{"line":26,"column":5}},{"start":{"line":13,"column":4},"end":{"line":26,"column":5}}],"line":13},"1":{"loc":{"start":{"line":60,"column":26},"end":{"line":75,"column":3}},"type":"cond-expr","locations":[{"start":{"line":61,"column":4},"end":{"line":72,"column":6}},{"start":{"line":74,"column":4},"end":{"line":74,"column":14}}],"line":60}},"s":{"0":0,"1":0,"2":0,"3":0,"4":0,"5":0,"6":0,"7":0,"8":0,"9":0,"10":0,"11":0,"12":0,"13":0,"14":0,"15":0,"16":0,"17":0,"18":0,"19":0,"20":0,"21":0},"f":{"0":0,"1":0,"2":0,"3":0,"4":0,"5":0,"6":0,"7":0,"8":0},"b":{"0":[0,0],"1":[0,0]},"hash":"ce8cbd87dda8347cc764037143e69978c0d5dab7"}
,"F:\\Web\\PracticeReactJS\\pizza-order\\src\\components\\Item\\Pizza.js": {"path":"F:\\Web\\PracticeReactJS\\pizza-order\\src\\components\\Item\\Pizza.js","statementMap":{"0":{"start":{"line":9,"column":18},"end":{"line":142,"column":1}},"1":{"start":{"line":10,"column":42},"end":{"line":13,"column":4}},"2":{"start":{"line":15,"column":21},"end":{"line":21,"column":3}},"3":{"start":{"line":16,"column":4},"end":{"line":20,"column":6}},"4":{"start":{"line":22,"column":36},"end":{"line":22,"column":51}},"5":{"start":{"line":24,"column":38},"end":{"line":30,"column":4}},"6":{"start":{"line":32,"column":2},"end":{"line":48,"column":9}},"7":{"start":{"line":33,"column":4},"end":{"line":33,"column":40}},"8":{"start":{"line":34,"column":4},"end":{"line":47,"column":9}},"9":{"start":{"line":40,"column":8},"end":{"line":43,"column":11}},"10":{"start":{"line":46,"column":8},"end":{"line":46,"column":27}},"11":{"start":{"line":50,"column":33},"end":{"line":50,"column":45}},"12":{"start":{"line":52,"column":26},"end":{"line":79,"column":3}},"13":{"start":{"line":53,"column":24},"end":{"line":53,"column":29}},"14":{"start":{"line":54,"column":4},"end":{"line":54,"column":23}},"15":{"start":{"line":55,"column":4},"end":{"line":62,"column":7}},"16":{"start":{"line":63,"column":64},"end":{"line":63,"column":68}},"17":{"start":{"line":65,"column":4},"end":{"line":78,"column":7}},"18":{"start":{"line":81,"column":21},"end":{"line":90,"column":3}},"19":{"start":{"line":82,"column":22},"end":{"line":82,"column":27}},"20":{"start":{"line":83,"column":4},"end":{"line":83,"column":24}},"21":{"start":{"line":84,"column":4},"end":{"line":89,"column":6}},"22":{"start":{"line":92,"column":15},"end":{"line":117,"column":3}},"23":{"start":{"line":93,"column":4},"end":{"line":116,"column":7}},"24":{"start":{"line":98,"column":23},"end":{"line":98,"column":44}},"25":{"start":{"line":114,"column":31},"end":{"line":114,"column":52}},"26":{"start":{"line":119,"column":24},"end":{"line":134,"column":3}},"27":{"start":{"line":121,"column":6},"end":{"line":130,"column":8}},"28":{"start":{"line":136,"column":2},"end":{"line":141,"column":4}}},"fnMap":{"0":{"name":"(anonymous_0)","decl":{"start":{"line":9,"column":18},"end":{"line":9,"column":19}},"loc":{"start":{"line":9,"column":27},"end":{"line":142,"column":1}},"line":9},"1":{"name":"(anonymous_1)","decl":{"start":{"line":15,"column":21},"end":{"line":15,"column":22}},"loc":{"start":{"line":15,"column":27},"end":{"line":21,"column":3}},"line":15},"2":{"name":"(anonymous_2)","decl":{"start":{"line":32,"column":12},"end":{"line":32,"column":13}},"loc":{"start":{"line":32,"column":18},"end":{"line":48,"column":3}},"line":32},"3":{"name":"(anonymous_3)","decl":{"start":{"line":39,"column":12},"end":{"line":39,"column":13}},"loc":{"start":{"line":39,"column":24},"end":{"line":44,"column":7}},"line":39},"4":{"name":"(anonymous_4)","decl":{"start":{"line":45,"column":13},"end":{"line":45,"column":14}},"loc":{"start":{"line":45,"column":22},"end":{"line":47,"column":7}},"line":45},"5":{"name":"(anonymous_5)","decl":{"start":{"line":52,"column":26},"end":{"line":52,"column":27}},"loc":{"start":{"line":52,"column":34},"end":{"line":79,"column":3}},"line":52},"6":{"name":"(anonymous_6)","decl":{"start":{"line":81,"column":21},"end":{"line":81,"column":22}},"loc":{"start":{"line":81,"column":27},"end":{"line":90,"column":3}},"line":81},"7":{"name":"(anonymous_7)","decl":{"start":{"line":92,"column":15},"end":{"line":92,"column":16}},"loc":{"start":{"line":93,"column":4},"end":{"line":116,"column":7}},"line":93},"8":{"name":"(anonymous_8)","decl":{"start":{"line":98,"column":17},"end":{"line":98,"column":18}},"loc":{"start":{"line":98,"column":23},"end":{"line":98,"column":44}},"line":98},"9":{"name":"(anonymous_9)","decl":{"start":{"line":114,"column":25},"end":{"line":114,"column":26}},"loc":{"start":{"line":114,"column":31},"end":{"line":114,"column":52}},"line":114},"10":{"name":"(anonymous_10)","decl":{"start":{"line":120,"column":18},"end":{"line":120,"column":19}},"loc":{"start":{"line":120,"column":26},"end":{"line":131,"column":5}},"line":120}},"branchMap":{"0":{"loc":{"start":{"line":119,"column":24},"end":{"line":134,"column":3}},"type":"cond-expr","locations":[{"start":{"line":120,"column":4},"end":{"line":131,"column":6}},{"start":{"line":133,"column":4},"end":{"line":133,"column":15}}],"line":119}},"s":{"0":0,"1":0,"2":0,"3":0,"4":0,"5":0,"6":0,"7":0,"8":0,"9":0,"10":0,"11":0,"12":0,"13":0,"14":0,"15":0,"16":0,"17":0,"18":0,"19":0,"20":0,"21":0,"22":0,"23":0,"24":0,"25":0,"26":0,"27":0,"28":0},"f":{"0":0,"1":0,"2":0,"3":0,"4":0,"5":0,"6":0,"7":0,"8":0,"9":0,"10":0},"b":{"0":[0,0]},"hash":"63462fb47c1de2df6d1c1ad0bbb122d533166ac3"}
,"F:\\Web\\PracticeReactJS\\pizza-order\\src\\components\\Item\\SideDish.js": {"path":"F:\\Web\\PracticeReactJS\\pizza-order\\src\\components\\Item\\SideDish.js","statementMap":{"0":{"start":{"line":7,"column":21},"end":{"line":78,"column":1}},"1":{"start":{"line":8,"column":42},"end":{"line":8,"column":54}},"2":{"start":{"line":9,"column":32},"end":{"line":9,"column":47}},"3":{"start":{"line":10,"column":21},"end":{"line":10,"column":76}},"4":{"start":{"line":10,"column":29},"end":{"line":10,"column":75}},"5":{"start":{"line":11,"column":2},"end":{"line":28,"column":9}},"6":{"start":{"line":12,"column":18},"end":{"line":12,"column":22}},"7":{"start":{"line":13,"column":4},"end":{"line":26,"column":5}},"8":{"start":{"line":14,"column":6},"end":{"line":25,"column":11}},"9":{"start":{"line":20,"column":10},"end":{"line":20,"column":50}},"10":{"start":{"line":21,"column":10},"end":{"line":21,"column":27}},"11":{"start":{"line":24,"column":10},"end":{"line":24,"column":29}},"12":{"start":{"line":27,"column":4},"end":{"line":27,"column":35}},"13":{"start":{"line":27,"column":18},"end":{"line":27,"column":33}},"14":{"start":{"line":30,"column":24},"end":{"line":30,"column":43}},"15":{"start":{"line":32,"column":15},"end":{"line":58,"column":3}},"16":{"start":{"line":33,"column":4},"end":{"line":57,"column":7}},"17":{"start":{"line":50,"column":14},"end":{"line":50,"column":30}},"18":{"start":{"line":51,"column":14},"end":{"line":51,"column":33}},"19":{"start":{"line":60,"column":27},"end":{"line":75,"column":3}},"20":{"start":{"line":62,"column":6},"end":{"line":71,"column":8}},"21":{"start":{"line":77,"column":2},"end":{"line":77,"column":33}}},"fnMap":{"0":{"name":"(anonymous_0)","decl":{"start":{"line":7,"column":21},"end":{"line":7,"column":22}},"loc":{"start":{"line":7,"column":27},"end":{"line":78,"column":1}},"line":7},"1":{"name":"(anonymous_1)","decl":{"start":{"line":10,"column":21},"end":{"line":10,"column":22}},"loc":{"start":{"line":10,"column":27},"end":{"line":10,"column":76}},"line":10},"2":{"name":"(anonymous_2)","decl":{"start":{"line":11,"column":12},"end":{"line":11,"column":13}},"loc":{"start":{"line":11,"column":18},"end":{"line":28,"column":3}},"line":11},"3":{"name":"(anonymous_3)","decl":{"start":{"line":19,"column":14},"end":{"line":19,"column":15}},"loc":{"start":{"line":19,"column":28},"end":{"line":22,"column":9}},"line":19},"4":{"name":"(anonymous_4)","decl":{"start":{"line":23,"column":15},"end":{"line":23,"column":16}},"loc":{"start":{"line":23,"column":26},"end":{"line":25,"column":9}},"line":23},"5":{"name":"(anonymous_5)","decl":{"start":{"line":27,"column":11},"end":{"line":27,"column":12}},"loc":{"start":{"line":27,"column":18},"end":{"line":27,"column":33}},"line":27},"6":{"name":"(anonymous_6)","decl":{"start":{"line":32,"column":15},"end":{"line":32,"column":16}},"loc":{"start":{"line":33,"column":4},"end":{"line":57,"column":7}},"line":33},"7":{"name":"(anonymous_7)","decl":{"start":{"line":49,"column":21},"end":{"line":49,"column":22}},"loc":{"start":{"line":49,"column":28},"end":{"line":52,"column":13}},"line":49},"8":{"name":"(anonymous_8)","decl":{"start":{"line":61,"column":21},"end":{"line":61,"column":22}},"loc":{"start":{"line":61,"column":31},"end":{"line":72,"column":5}},"line":61}},"branchMap":{"0":{"loc":{"start":{"line":13,"column":4},"end":{"line":26,"column":5}},"type":"if","locations":[{"start":{"line":13,"column":4},"end":{"line":26,"column":5}},{"start":{"line":13,"column":4},"end":{"line":26,"column":5}}],"line":13},"1":{"loc":{"start":{"line":60,"column":27},"end":{"line":75,"column":3}},"type":"cond-expr","locations":[{"start":{"line":61,"column":4},"end":{"line":72,"column":6}},{"start":{"line":74,"column":4},"end":{"line":74,"column":14}}],"line":60}},"s":{"0":0,"1":0,"2":0,"3":0,"4":0,"5":0,"6":0,"7":0,"8":0,"9":0,"10":0,"11":0,"12":0,"13":0,"14":0,"15":0,"16":0,"17":0,"18":0,"19":0,"20":0,"21":0},"f":{"0":0,"1":0,"2":0,"3":0,"4":0,"5":0,"6":0,"7":0,"8":0},"b":{"0":[0,0],"1":[0,0]},"hash":"f5d4e81ccc36d0b910eea9d205a244aaba99b7cc"}
,"F:\\Web\\PracticeReactJS\\pizza-order\\src\\components\\OrderHistory\\OrderHistory.js": {"path":"F:\\Web\\PracticeReactJS\\pizza-order\\src\\components\\OrderHistory\\OrderHistory.js","statementMap":{"0":{"start":{"line":7,"column":21},"end":{"line":61,"column":1}},"1":{"start":{"line":8,"column":42},"end":{"line":8,"column":52}},"2":{"start":{"line":9,"column":26},"end":{"line":9,"column":45}},"3":{"start":{"line":11,"column":2},"end":{"line":29,"column":5}},"4":{"start":{"line":12,"column":4},"end":{"line":28,"column":5}},"5":{"start":{"line":13,"column":6},"end":{"line":27,"column":11}},"6":{"start":{"line":23,"column":10},"end":{"line":23,"column":48}},"7":{"start":{"line":26,"column":10},"end":{"line":26,"column":29}},"8":{"start":{"line":32,"column":4},"end":{"line":58,"column":5}},"9":{"start":{"line":47,"column":12},"end":{"line":55,"column":14}},"10":{"start":{"line":60,"column":2},"end":{"line":60,"column":39}}},"fnMap":{"0":{"name":"(anonymous_0)","decl":{"start":{"line":7,"column":21},"end":{"line":7,"column":22}},"loc":{"start":{"line":7,"column":27},"end":{"line":61,"column":1}},"line":7},"1":{"name":"(anonymous_1)","decl":{"start":{"line":11,"column":12},"end":{"line":11,"column":13}},"loc":{"start":{"line":11,"column":18},"end":{"line":29,"column":3}},"line":11},"2":{"name":"(anonymous_2)","decl":{"start":{"line":22,"column":14},"end":{"line":22,"column":15}},"loc":{"start":{"line":22,"column":28},"end":{"line":24,"column":9}},"line":22},"3":{"name":"(anonymous_3)","decl":{"start":{"line":25,"column":15},"end":{"line":25,"column":16}},"loc":{"start":{"line":25,"column":26},"end":{"line":27,"column":9}},"line":25},"4":{"name":"(anonymous_4)","decl":{"start":{"line":46,"column":37},"end":{"line":46,"column":38}},"loc":{"start":{"line":47,"column":12},"end":{"line":55,"column":14}},"line":47}},"branchMap":{"0":{"loc":{"start":{"line":12,"column":4},"end":{"line":28,"column":5}},"type":"if","locations":[{"start":{"line":12,"column":4},"end":{"line":28,"column":5}},{"start":{"line":12,"column":4},"end":{"line":28,"column":5}}],"line":12},"1":{"loc":{"start":{"line":32,"column":4},"end":{"line":58,"column":5}},"type":"cond-expr","locations":[{"start":{"line":33,"column":6},"end":{"line":33,"column":78}},{"start":{"line":35,"column":6},"end":{"line":57,"column":12}}],"line":32},"2":{"loc":{"start":{"line":45,"column":9},"end":{"line":56,"column":12}},"type":"binary-expr","locations":[{"start":{"line":45,"column":9},"end":{"line":45,"column":21}},{"start":{"line":46,"column":10},"end":{"line":56,"column":12}}],"line":45}},"s":{"0":1,"1":1,"2":1,"3":1,"4":0,"5":0,"6":0,"7":0,"8":1,"9":0,"10":1},"f":{"0":1,"1":0,"2":0,"3":0,"4":0},"b":{"0":[0,0],"1":[0,1],"2":[1,0]},"_coverageSchema":"43e27e138ebf9cfc5966b082cf9a028302ed4184","hash":"b1a11ac26ff8d78ee0465e32e027b14e010689a7"}
,"F:\\Web\\PracticeReactJS\\pizza-order\\src\\components\\OrderHistory\\OrderHistoryItem.js": {"path":"F:\\Web\\PracticeReactJS\\pizza-order\\src\\components\\OrderHistory\\OrderHistoryItem.js","statementMap":{"0":{"start":{"line":3,"column":25},"end":{"line":37,"column":1}},"1":{"start":{"line":4,"column":27},"end":{"line":4,"column":37}},"2":{"start":{"line":5,"column":31},"end":{"line":20,"column":4}},"3":{"start":{"line":6,"column":20},"end":{"line":6,"column":37}},"4":{"start":{"line":7,"column":26},"end":{"line":7,"column":74}},"5":{"start":{"line":8,"column":4},"end":{"line":19,"column":6}},"6":{"start":{"line":22,"column":23},"end":{"line":22,"column":46}},"7":{"start":{"line":23,"column":29},"end":{"line":25,"column":3}},"8":{"start":{"line":26,"column":2},"end":{"line":36,"column":4}}},"fnMap":{"0":{"name":"(anonymous_0)","decl":{"start":{"line":3,"column":25},"end":{"line":3,"column":26}},"loc":{"start":{"line":3,"column":36},"end":{"line":37,"column":1}},"line":3},"1":{"name":"(anonymous_1)","decl":{"start":{"line":5,"column":52},"end":{"line":5,"column":53}},"loc":{"start":{"line":5,"column":69},"end":{"line":20,"column":3}},"line":5}},"branchMap":{},"s":{"0":2,"1":1,"2":1,"3":0,"4":0,"5":0,"6":0,"7":0,"8":0},"f":{"0":1,"1":0},"b":{},"_coverageSchema":"43e27e138ebf9cfc5966b082cf9a028302ed4184","hash":"905bb06ab641e4dbd15a2a63aafdc6f71ad4a994"}
,"F:\\Web\\PracticeReactJS\\pizza-order\\src\\components\\Payment\\Payment.js": {"path":"F:\\Web\\PracticeReactJS\\pizza-order\\src\\components\\Payment\\Payment.js","statementMap":{"0":{"start":{"line":12,"column":16},"end":{"line":455,"column":1}},"1":{"start":{"line":20,"column":6},"end":{"line":20,"column":25}},"2":{"start":{"line":21,"column":16},"end":{"line":21,"column":29}},"3":{"start":{"line":22,"column":17},"end":{"line":25,"column":3}},"4":{"start":{"line":27,"column":50},"end":{"line":27,"column":62}},"5":{"start":{"line":28,"column":50},"end":{"line":28,"column":62}},"6":{"start":{"line":30,"column":31},"end":{"line":32,"column":3}},"7":{"start":{"line":31,"column":4},"end":{"line":31,"column":42}},"8":{"start":{"line":34,"column":23},"end":{"line":37,"column":3}},"9":{"start":{"line":35,"column":4},"end":{"line":35,"column":57}},"10":{"start":{"line":35,"column":44},"end":{"line":35,"column":57}},"11":{"start":{"line":36,"column":4},"end":{"line":36,"column":65}},"12":{"start":{"line":36,"column":48},"end":{"line":36,"column":65}},"13":{"start":{"line":39,"column":31},"end":{"line":41,"column":3}},"14":{"start":{"line":40,"column":4},"end":{"line":40,"column":42}},"15":{"start":{"line":43,"column":30},"end":{"line":45,"column":4}},"16":{"start":{"line":47,"column":44},"end":{"line":50,"column":4}},"17":{"start":{"line":52,"column":25},"end":{"line":56,"column":3}},"18":{"start":{"line":53,"column":4},"end":{"line":55,"column":61}},"19":{"start":{"line":54,"column":6},"end":{"line":54,"column":58}},"20":{"start":{"line":55,"column":9},"end":{"line":55,"column":61}},"21":{"start":{"line":58,"column":22},"end":{"line":58,"column":127}},"22":{"start":{"line":60,"column":32},"end":{"line":71,"column":4}},"23":{"start":{"line":73,"column":22},"end":{"line":447,"column":3}},"24":{"start":{"line":79,"column":28},"end":{"line":79,"column":32}},"25":{"start":{"line":80,"column":39},"end":{"line":80,"column":41}},"26":{"start":{"line":81,"column":32},"end":{"line":81,"column":49}},"27":{"start":{"line":82,"column":10},"end":{"line":82,"column":56}},"28":{"start":{"line":83,"column":10},"end":{"line":83,"column":50}},"29":{"start":{"line":84,"column":10},"end":{"line":89,"column":35}},"30":{"start":{"line":90,"column":10},"end":{"line":90,"column":42}},"31":{"start":{"line":91,"column":27},"end":{"line":91,"column":37}},"32":{"start":{"line":92,"column":26},"end":{"line":92,"column":56}},"33":{"start":{"line":93,"column":26},"end":{"line":93,"column":40}},"34":{"start":{"line":94,"column":35},"end":{"line":94,"column":37}},"35":{"start":{"line":95,"column":10},"end":{"line":96,"column":42}},"36":{"start":{"line":95,"column":37},"end":{"line":95,"column":64}},"37":{"start":{"line":96,"column":15},"end":{"line":96,"column":42}},"38":{"start":{"line":98,"column":10},"end":{"line":156,"column":11}},"39":{"start":{"line":102,"column":12},"end":{"line":107,"column":15}},"40":{"start":{"line":108,"column":12},"end":{"line":108,"column":33}},"41":{"start":{"line":109,"column":17},"end":{"line":156,"column":11}},"42":{"start":{"line":110,"column":12},"end":{"line":116,"column":15}},"43":{"start":{"line":117,"column":12},"end":{"line":117,"column":33}},"44":{"start":{"line":119,"column":12},"end":{"line":142,"column":17}},"45":{"start":{"line":133,"column":16},"end":{"line":141,"column":19}},"46":{"start":{"line":143,"column":12},"end":{"line":155,"column":21}},"47":{"start":{"line":144,"column":14},"end":{"line":149,"column":17}},"48":{"start":{"line":150,"column":14},"end":{"line":150,"column":35}},"49":{"start":{"line":151,"column":14},"end":{"line":151,"column":26}},"50":{"start":{"line":152,"column":30},"end":{"line":152,"column":32}},"51":{"start":{"line":153,"column":14},"end":{"line":153,"column":68}},"52":{"start":{"line":154,"column":14},"end":{"line":154,"column":32}},"53":{"start":{"line":160,"column":10},"end":{"line":250,"column":17}},"54":{"start":{"line":260,"column":28},"end":{"line":260,"column":32}},"55":{"start":{"line":261,"column":39},"end":{"line":261,"column":41}},"56":{"start":{"line":262,"column":32},"end":{"line":262,"column":49}},"57":{"start":{"line":263,"column":10},"end":{"line":263,"column":58}},"58":{"start":{"line":264,"column":10},"end":{"line":264,"column":52}},"59":{"start":{"line":265,"column":10},"end":{"line":270,"column":35}},"60":{"start":{"line":271,"column":10},"end":{"line":271,"column":42}},"61":{"start":{"line":272,"column":27},"end":{"line":272,"column":29}},"62":{"start":{"line":273,"column":26},"end":{"line":273,"column":56}},"63":{"start":{"line":274,"column":26},"end":{"line":274,"column":40}},"64":{"start":{"line":275,"column":35},"end":{"line":275,"column":37}},"65":{"start":{"line":276,"column":10},"end":{"line":277,"column":42}},"66":{"start":{"line":276,"column":37},"end":{"line":276,"column":64}},"67":{"start":{"line":277,"column":15},"end":{"line":277,"column":42}},"68":{"start":{"line":279,"column":10},"end":{"line":337,"column":11}},"69":{"start":{"line":283,"column":12},"end":{"line":288,"column":15}},"70":{"start":{"line":289,"column":12},"end":{"line":289,"column":33}},"71":{"start":{"line":290,"column":17},"end":{"line":337,"column":11}},"72":{"start":{"line":291,"column":12},"end":{"line":297,"column":15}},"73":{"start":{"line":298,"column":12},"end":{"line":298,"column":33}},"74":{"start":{"line":300,"column":12},"end":{"line":323,"column":17}},"75":{"start":{"line":314,"column":16},"end":{"line":322,"column":19}},"76":{"start":{"line":324,"column":12},"end":{"line":336,"column":21}},"77":{"start":{"line":325,"column":14},"end":{"line":330,"column":17}},"78":{"start":{"line":331,"column":14},"end":{"line":331,"column":35}},"79":{"start":{"line":332,"column":14},"end":{"line":332,"column":26}},"80":{"start":{"line":333,"column":30},"end":{"line":333,"column":32}},"81":{"start":{"line":334,"column":14},"end":{"line":334,"column":68}},"82":{"start":{"line":335,"column":14},"end":{"line":335,"column":32}},"83":{"start":{"line":341,"column":10},"end":{"line":443,"column":17}},"84":{"start":{"line":449,"column":2},"end":{"line":454,"column":4}}},"fnMap":{"0":{"name":"(anonymous_0)","decl":{"start":{"line":12,"column":16},"end":{"line":12,"column":17}},"loc":{"start":{"line":12,"column":27},"end":{"line":455,"column":1}},"line":12},"1":{"name":"(anonymous_1)","decl":{"start":{"line":30,"column":31},"end":{"line":30,"column":32}},"loc":{"start":{"line":30,"column":53},"end":{"line":32,"column":3}},"line":30},"2":{"name":"(anonymous_2)","decl":{"start":{"line":34,"column":23},"end":{"line":34,"column":24}},"loc":{"start":{"line":34,"column":45},"end":{"line":37,"column":3}},"line":34},"3":{"name":"(anonymous_3)","decl":{"start":{"line":39,"column":31},"end":{"line":39,"column":32}},"loc":{"start":{"line":39,"column":53},"end":{"line":41,"column":3}},"line":39},"4":{"name":"(anonymous_4)","decl":{"start":{"line":52,"column":25},"end":{"line":52,"column":26}},"loc":{"start":{"line":52,"column":36},"end":{"line":56,"column":3}},"line":52},"5":{"name":"(anonymous_5)","decl":{"start":{"line":78,"column":18},"end":{"line":78,"column":19}},"loc":{"start":{"line":78,"column":49},"end":{"line":157,"column":9}},"line":78},"6":{"name":"(anonymous_6)","decl":{"start":{"line":132,"column":20},"end":{"line":132,"column":21}},"loc":{"start":{"line":132,"column":26},"end":{"line":142,"column":15}},"line":132},"7":{"name":"(anonymous_7)","decl":{"start":{"line":143,"column":23},"end":{"line":143,"column":24}},"loc":{"start":{"line":143,"column":29},"end":{"line":155,"column":13}},"line":143},"8":{"name":"(anonymous_8)","decl":{"start":{"line":159,"column":9},"end":{"line":159,"column":10}},"loc":{"start":{"line":160,"column":10},"end":{"line":250,"column":17}},"line":160},"9":{"name":"(anonymous_9)","decl":{"start":{"line":259,"column":18},"end":{"line":259,"column":19}},"loc":{"start":{"line":259,"column":49},"end":{"line":338,"column":9}},"line":259},"10":{"name":"(anonymous_10)","decl":{"start":{"line":313,"column":20},"end":{"line":313,"column":21}},"loc":{"start":{"line":313,"column":26},"end":{"line":323,"column":15}},"line":313},"11":{"name":"(anonymous_11)","decl":{"start":{"line":324,"column":23},"end":{"line":324,"column":24}},"loc":{"start":{"line":324,"column":29},"end":{"line":336,"column":13}},"line":324},"12":{"name":"(anonymous_12)","decl":{"start":{"line":340,"column":9},"end":{"line":340,"column":10}},"loc":{"start":{"line":341,"column":10},"end":{"line":443,"column":17}},"line":341}},"branchMap":{"0":{"loc":{"start":{"line":35,"column":4},"end":{"line":35,"column":57}},"type":"if","locations":[{"start":{"line":35,"column":4},"end":{"line":35,"column":57}},{"start":{"line":35,"column":4},"end":{"line":35,"column":57}}],"line":35},"1":{"loc":{"start":{"line":36,"column":4},"end":{"line":36,"column":65}},"type":"if","locations":[{"start":{"line":36,"column":4},"end":{"line":36,"column":65}},{"start":{"line":36,"column":4},"end":{"line":36,"column":65}}],"line":36},"2":{"loc":{"start":{"line":53,"column":4},"end":{"line":55,"column":61}},"type":"if","locations":[{"start":{"line":53,"column":4},"end":{"line":55,"column":61}},{"start":{"line":53,"column":4},"end":{"line":55,"column":61}}],"line":53},"3":{"loc":{"start":{"line":73,"column":22},"end":{"line":447,"column":3}},"type":"cond-expr","locations":[{"start":{"line":74,"column":4},"end":{"line":253,"column":7}},{"start":{"line":255,"column":4},"end":{"line":446,"column":7}}],"line":73},"4":{"loc":{"start":{"line":92,"column":26},"end":{"line":92,"column":56}},"type":"cond-expr","locations":[{"start":{"line":92,"column":40},"end":{"line":92,"column":42}},{"start":{"line":92,"column":45},"end":{"line":92,"column":56}}],"line":92},"5":{"loc":{"start":{"line":95,"column":10},"end":{"line":96,"column":42}},"type":"if","locations":[{"start":{"line":95,"column":10},"end":{"line":96,"column":42}},{"start":{"line":95,"column":10},"end":{"line":96,"column":42}}],"line":95},"6":{"loc":{"start":{"line":98,"column":10},"end":{"line":156,"column":11}},"type":"if","locations":[{"start":{"line":98,"column":10},"end":{"line":156,"column":11}},{"start":{"line":98,"column":10},"end":{"line":156,"column":11}}],"line":98},"7":{"loc":{"start":{"line":99,"column":12},"end":{"line":100,"column":48}},"type":"binary-expr","locations":[{"start":{"line":99,"column":12},"end":{"line":99,"column":48}},{"start":{"line":100,"column":12},"end":{"line":100,"column":48}}],"line":99},"8":{"loc":{"start":{"line":109,"column":17},"end":{"line":156,"column":11}},"type":"if","locations":[{"start":{"line":109,"column":17},"end":{"line":156,"column":11}},{"start":{"line":109,"column":17},"end":{"line":156,"column":11}}],"line":109},"9":{"loc":{"start":{"line":273,"column":26},"end":{"line":273,"column":56}},"type":"cond-expr","locations":[{"start":{"line":273,"column":40},"end":{"line":273,"column":42}},{"start":{"line":273,"column":45},"end":{"line":273,"column":56}}],"line":273},"10":{"loc":{"start":{"line":276,"column":10},"end":{"line":277,"column":42}},"type":"if","locations":[{"start":{"line":276,"column":10},"end":{"line":277,"column":42}},{"start":{"line":276,"column":10},"end":{"line":277,"column":42}}],"line":276},"11":{"loc":{"start":{"line":279,"column":10},"end":{"line":337,"column":11}},"type":"if","locations":[{"start":{"line":279,"column":10},"end":{"line":337,"column":11}},{"start":{"line":279,"column":10},"end":{"line":337,"column":11}}],"line":279},"12":{"loc":{"start":{"line":280,"column":12},"end":{"line":281,"column":48}},"type":"binary-expr","locations":[{"start":{"line":280,"column":12},"end":{"line":280,"column":48}},{"start":{"line":281,"column":12},"end":{"line":281,"column":48}}],"line":280},"13":{"loc":{"start":{"line":290,"column":17},"end":{"line":337,"column":11}},"type":"if","locations":[{"start":{"line":290,"column":17},"end":{"line":337,"column":11}},{"start":{"line":290,"column":17},"end":{"line":337,"column":11}}],"line":290}},"s":{"0":1,"1":0,"2":0,"3":0,"4":0,"5":0,"6":0,"7":0,"8":0,"9":0,"10":0,"11":0,"12":0,"13":0,"14":0,"15":0,"16":0,"17":0,"18":0,"19":0,"20":0,"21":0,"22":0,"23":0,"24":0,"25":0,"26":0,"27":0,"28":0,"29":0,"30":0,"31":0,"32":0,"33":0,"34":0,"35":0,"36":0,"37":0,"38":0,"39":0,"40":0,"41":0,"42":0,"43":0,"44":0,"45":0,"46":0,"47":0,"48":0,"49":0,"50":0,"51":0,"52":0,"53":0,"54":0,"55":0,"56":0,"57":0,"58":0,"59":0,"60":0,"61":0,"62":0,"63":0,"64":0,"65":0,"66":0,"67":0,"68":0,"69":0,"70":0,"71":0,"72":0,"73":0,"74":0,"75":0,"76":0,"77":0,"78":0,"79":0,"80":0,"81":0,"82":0,"83":0,"84":0},"f":{"0":0,"1":0,"2":0,"3":0,"4":0,"5":0,"6":0,"7":0,"8":0,"9":0,"10":0,"11":0,"12":0},"b":{"0":[0,0],"1":[0,0],"2":[0,0],"3":[0,0],"4":[0,0],"5":[0,0],"6":[0,0],"7":[0,0],"8":[0,0],"9":[0,0],"10":[0,0],"11":[0,0],"12":[0,0],"13":[0,0]},"_coverageSchema":"43e27e138ebf9cfc5966b082cf9a028302ed4184","hash":"a63ef1e2b9df44a998c4bb1d00f82f110e2e9b45"}
[...]
,"F:\\Web\\PracticeReactJS\\pizza-order\\src\\context\\Context\\withContext.js": {"path":"F:\\Web\\PracticeReactJS\\pizza-order\\src\\context\\Context\\withContext.js","statementMap":{"0":{"start":{"line":4,"column":30},"end":{"line":282,"column":1}},"1":{"start":{"line":5,"column":18},"end":{"line":5,"column":58}},"2":{"start":{"line":6,"column":2},"end":{"line":6,"column":41}},"3":{"start":{"line":6,"column":26},"end":{"line":6,"column":41}},"4":{"start":{"line":8,"column":18},"end":{"line":8,"column":58}},"5":{"start":{"line":9,"column":2},"end":{"line":9,"column":41}},"6":{"start":{"line":9,"column":26},"end":{"line":9,"column":41}},"7":{"start":{"line":11,"column":19},"end":{"line":11,"column":48}},"8":{"start":{"line":12,"column":2},"end":{"line":12,"column":43}},"9":{"start":{"line":12,"column":27},"end":{"line":12,"column":43}},"10":{"start":{"line":14,"column":29},"end":{"line":16,"column":3}},"11":{"start":{"line":18,"column":26},"end":{"line":18,"column":45}},"12":{"start":{"line":20,"column":26},"end":{"line":20,"column":45}},"13":{"start":{"line":22,"column":48},"end":{"line":22,"column":78}},"14":{"start":{"line":24,"column":38},"end":{"line":24,"column":49}},"15":{"start":{"line":26,"column":28},"end":{"line":26,"column":48}},"16":{"start":{"line":29,"column":22},"end":{"line":31,"column":3}},"17":{"start":{"line":30,"column":4},"end":{"line":30,"column":20}},"18":{"start":{"line":33,"column":25},"end":{"line":41,"column":3}},"19":{"start":{"line":34,"column":16},"end":{"line":34,"column":18}},"20":{"start":{"line":35,"column":4},"end":{"line":39,"column":5}},"21":{"start":{"line":36,"column":6},"end":{"line":38,"column":7}},"22":{"start":{"line":36,"column":19},"end":{"line":36,"column":20}},"23":{"start":{"line":37,"column":8},"end":{"line":37,"column":50}},"24":{"start":{"line":37,"column":40},"end":{"line":37,"column":50}},"25":{"start":{"line":40,"column":4},"end":{"line":40,"column":17}},"26":{"start":{"line":43,"column":27},"end":{"line":48,"column":3}},"27":{"start":{"line":44,"column":20},"end":{"line":44,"column":29}},"28":{"start":{"line":45,"column":18},"end":{"line":45,"column":38}},"29":{"start":{"line":46,"column":4},"end":{"line":46,"column":58}},"30":{"start":{"line":47,"column":4},"end":{"line":47,"column":21}},"31":{"start":{"line":50,"column":27},"end":{"line":57,"column":3}},"32":{"start":{"line":51,"column":20},"end":{"line":51,"column":29}},"33":{"start":{"line":52,"column":18},"end":{"line":52,"column":38}},"34":{"start":{"line":53,"column":4},"end":{"line":56,"column":5}},"35":{"start":{"line":54,"column":6},"end":{"line":54,"column":60}},"36":{"start":{"line":55,"column":6},"end":{"line":55,"column":23}},"37":{"start":{"line":59,"column":25},"end":{"line":68,"column":3}},"38":{"start":{"line":60,"column":20},"end":{"line":60,"column":29}},"39":{"start":{"line":61,"column":4},"end":{"line":61,"column":69}},"40":{"start":{"line":61,"column":37},"end":{"line":61,"column":66}},"41":{"start":{"line":62,"column":4},"end":{"line":67,"column":7}},"42":{"start":{"line":70,"column":20},"end":{"line":94,"column":3}},"43":{"start":{"line":71,"column":17},"end":{"line":75,"column":5}},"44":{"start":{"line":77,"column":4},"end":{"line":82,"column":7}},"45":{"start":{"line":84,"column":20},"end":{"line":84,"column":29}},"46":{"start":{"line":85,"column":18},"end":{"line":85,"column":40}},"47":{"start":{"line":87,"column":4},"end":{"line":93,"column":5}},"48":{"start":{"line":88,"column":6},"end":{"line":88,"column":27}},"49":{"start":{"line":89,"column":6},"end":{"line":89,"column":23}},"50":{"start":{"line":91,"column":6},"end":{"line":91,"column":35}},"51":{"start":{"line":92,"column":6},"end":{"line":92,"column":23}},"52":{"start":{"line":96,"column":25},"end":{"line":132,"column":3}},"53":{"start":{"line":97,"column":18},"end":{"line":97,"column":28}},"54":{"start":{"line":98,"column":21},"end":{"line":98,"column":34}},"55":{"start":{"line":99,"column":17},"end":{"line":103,"column":5}},"56":{"start":{"line":105,"column":4},"end":{"line":111,"column":5}},"57":{"start":{"line":106,"column":6},"end":{"line":106,"column":28}},"58":{"start":{"line":107,"column":6},"end":{"line":107,"column":27}},"59":{"start":{"line":109,"column":6},"end":{"line":109,"column":28}},"60":{"start":{"line":110,"column":6},"end":{"line":110,"column":30}},"61":{"start":{"line":113,"column":4},"end":{"line":114,"column":39}},"62":{"start":{"line":113,"column":15},"end":{"line":113,"column":44}},"63":{"start":{"line":114,"column":9},"end":{"line":114,"column":39}},"64":{"start":{"line":116,"column":4},"end":{"line":121,"column":7}},"65":{"start":{"line":122,"column":20},"end":{"line":122,"column":29}},"66":{"start":{"line":123,"column":18},"end":{"line":123,"column":40}},"67":{"start":{"line":125,"column":4},"end":{"line":131,"column":5}},"68":{"start":{"line":126,"column":6},"end":{"line":126,"column":27}},"69":{"start":{"line":127,"column":6},"end":{"line":127,"column":23}},"70":{"start":{"line":129,"column":6},"end":{"line":129,"column":35}},"71":{"start":{"line":130,"column":6},"end":{"line":130,"column":23}},"72":{"start":{"line":134,"column":27},"end":{"line":136,"column":3}},"73":{"start":{"line":135,"column":4},"end":{"line":135,"column":25}},"74":{"start":{"line":138,"column":26},"end":{"line":150,"column":3}},"75":{"start":{"line":139,"column":4},"end":{"line":149,"column":5}},"76":{"start":{"line":140,"column":6},"end":{"line":145,"column":9}},"77":{"start":{"line":147,"column":20},"end":{"line":147,"column":33}},"78":{"start":{"line":148,"column":6},"end":{"line":148,"column":28}},"79":{"start":{"line":152,"column":26},"end":{"line":182,"column":3}},"80":{"start":{"line":153,"column":18},"end":{"line":153,"column":31}},"81":{"start":{"line":154,"column":4},"end":{"line":181,"column":5}},"82":{"start":{"line":155,"column":6},"end":{"line":160,"column":9}},"83":{"start":{"line":162,"column":6},"end":{"line":180,"column":7}},"84":{"start":{"line":163,"column":8},"end":{"line":169,"column":11}},"85":{"start":{"line":168,"column":10},"end":{"line":168,"column":50}},"86":{"start":{"line":168,"column":25},"end":{"line":168,"column":50}},"87":{"start":{"line":171,"column":8},"end":{"line":179,"column":11}},"88":{"start":{"line":177,"column":10},"end":{"line":178,"column":40}},"89":{"start":{"line":177,"column":25},"end":{"line":177,"column":49}},"90":{"start":{"line":178,"column":15},"end":{"line":178,"column":40}},"91":{"start":{"line":184,"column":17},"end":{"line":186,"column":3}},"92":{"start":{"line":185,"column":4},"end":{"line":185,"column":18}},"93":{"start":{"line":188,"column":29},"end":{"line":190,"column":3}},"94":{"start":{"line":189,"column":4},"end":{"line":189,"column":40}},"95":{"start":{"line":192,"column":20},"end":{"line":195,"column":3}},"96":{"start":{"line":193,"column":4},"end":{"line":193,"column":16}},"97":{"start":{"line":194,"column":4},"end":{"line":194,"column":55}},"98":{"start":{"line":197,"column":28},"end":{"line":214,"column":3}},"99":{"start":{"line":198,"column":4},"end":{"line":213,"column":5}},"100":{"start":{"line":199,"column":6},"end":{"line":204,"column":9}},"101":{"start":{"line":206,"column":6},"end":{"line":206,"column":18}},"102":{"start":{"line":207,"column":6},"end":{"line":212,"column":9}},"103":{"start":{"line":216,"column":23},"end":{"line":224,"column":3}},"104":{"start":{"line":217,"column":4},"end":{"line":223,"column":7}},"105":{"start":{"line":226,"column":21},"end":{"line":229,"column":3}},"106":{"start":{"line":227,"column":4},"end":{"line":227,"column":45}},"107":{"start":{"line":227,"column":27},"end":{"line":227,"column":45}},"108":{"start":{"line":228,"column":4},"end":{"line":228,"column":16}},"109":{"start":{"line":231,"column":23},"end":{"line":252,"column":3}},"110":{"start":{"line":232,"column":16},"end":{"line":232,"column":26}},"111":{"start":{"line":233,"column":15},"end":{"line":233,"column":53}},"112":{"start":{"line":234,"column":16},"end":{"line":234,"column":61}},"113":{"start":{"line":235,"column":15},"end":{"line":235,"column":57}},"114":{"start":{"line":236,"column":15},"end":{"line":236,"column":54}},"115":{"start":{"line":237,"column":17},"end":{"line":237,"column":58}},"116":{"start":{"line":238,"column":17},"end":{"line":238,"column":58}},"117":{"start":{"line":240,"column":6},"end":{"line":250,"column":12}},"118":{"start":{"line":251,"column":4},"end":{"line":251,"column":21}},"119":{"start":{"line":254,"column":2},"end":{"line":281,"column":4}}},"fnMap":{"0":{"name":"(anonymous_0)","decl":{"start":{"line":4,"column":30},"end":{"line":4,"column":31}},"loc":{"start":{"line":4,"column":41},"end":{"line":282,"column":1}},"line":4},"1":{"name":"(anonymous_1)","decl":{"start":{"line":29,"column":22},"end":{"line":29,"column":23}},"loc":{"start":{"line":29,"column":33},"end":{"line":31,"column":3}},"line":29},"2":{"name":"(anonymous_2)","decl":{"start":{"line":33,"column":25},"end":{"line":33,"column":26}},"loc":{"start":{"line":33,"column":35},"end":{"line":41,"column":3}},"line":33},"3":{"name":"(anonymous_3)","decl":{"start":{"line":43,"column":27},"end":{"line":43,"column":28}},"loc":{"start":{"line":43,"column":37},"end":{"line":48,"column":3}},"line":43},"4":{"name":"(anonymous_4)","decl":{"start":{"line":50,"column":27},"end":{"line":50,"column":28}},"loc":{"start":{"line":50,"column":37},"end":{"line":57,"column":3}},"line":50},"5":{"name":"(anonymous_5)","decl":{"start":{"line":59,"column":25},"end":{"line":59,"column":26}},"loc":{"start":{"line":59,"column":41},"end":{"line":68,"column":3}},"line":59},"6":{"name":"(anonymous_6)","decl":{"start":{"line":61,"column":27},"end":{"line":61,"column":28}},"loc":{"start":{"line":61,"column":37},"end":{"line":61,"column":66}},"line":61},"7":{"name":"(anonymous_7)","decl":{"start":{"line":70,"column":20},"end":{"line":70,"column":21}},"loc":{"start":{"line":70,"column":30},"end":{"line":94,"column":3}},"line":70},"8":{"name":"(anonymous_8)","decl":{"start":{"line":96,"column":25},"end":{"line":96,"column":26}},"loc":{"start":{"line":96,"column":48},"end":{"line":132,"column":3}},"line":96},"9":{"name":"(anonymous_9)","decl":{"start":{"line":134,"column":27},"end":{"line":134,"column":28}},"loc":{"start":{"line":134,"column":38},"end":{"line":136,"column":3}},"line":134},"10":{"name":"(anonymous_10)","decl":{"start":{"line":138,"column":26},"end":{"line":138,"column":27}},"loc":{"start":{"line":138,"column":37},"end":{"line":150,"column":3}},"line":138},"11":{"name":"(anonymous_11)","decl":{"start":{"line":152,"column":26},"end":{"line":152,"column":27}},"loc":{"start":{"line":152,"column":37},"end":{"line":182,"column":3}},"line":152},"12":{"name":"(anonymous_12)","decl":{"start":{"line":167,"column":16},"end":{"line":167,"column":17}},"loc":{"start":{"line":167,"column":31},"end":{"line":169,"column":9}},"line":167},"13":{"name":"(anonymous_13)","decl":{"start":{"line":176,"column":16},"end":{"line":176,"column":17}},"loc":{"start":{"line":176,"column":31},"end":{"line":179,"column":9}},"line":176},"14":{"name":"(anonymous_14)","decl":{"start":{"line":184,"column":17},"end":{"line":184,"column":18}},"loc":{"start":{"line":184,"column":27},"end":{"line":186,"column":3}},"line":184},"15":{"name":"(anonymous_15)","decl":{"start":{"line":188,"column":29},"end":{"line":188,"column":30}},"loc":{"start":{"line":188,"column":50},"end":{"line":190,"column":3}},"line":188},"16":{"name":"(anonymous_16)","decl":{"start":{"line":192,"column":20},"end":{"line":192,"column":21}},"loc":{"start":{"line":192,"column":26},"end":{"line":195,"column":3}},"line":192},"17":{"name":"(anonymous_17)","decl":{"start":{"line":197,"column":28},"end":{"line":197,"column":29}},"loc":{"start":{"line":197,"column":34},"end":{"line":214,"column":3}},"line":197},"18":{"name":"(anonymous_18)","decl":{"start":{"line":216,"column":23},"end":{"line":216,"column":24}},"loc":{"start":{"line":216,"column":29},"end":{"line":224,"column":3}},"line":216},"19":{"name":"(anonymous_19)","decl":{"start":{"line":226,"column":21},"end":{"line":226,"column":22}},"loc":{"start":{"line":226,"column":31},"end":{"line":229,"column":3}},"line":226},"20":{"name":"(anonymous_20)","decl":{"start":{"line":231,"column":23},"end":{"line":231,"column":24}},"loc":{"start":{"line":231,"column":29},"end":{"line":252,"column":3}},"line":231}},"branchMap":{"0":{"loc":{"start":{"line":6,"column":2},"end":{"line":6,"column":41}},"type":"if","locations":[{"start":{"line":6,"column":2},"end":{"line":6,"column":41}},{"start":{"line":6,"column":2},"end":{"line":6,"column":41}}],"line":6},"1":{"loc":{"start":{"line":9,"column":2},"end":{"line":9,"column":41}},"type":"if","locations":[{"start":{"line":9,"column":2},"end":{"line":9,"column":41}},{"start":{"line":9,"column":2},"end":{"line":9,"column":41}}],"line":9},"2":{"loc":{"start":{"line":12,"column":2},"end":{"line":12,"column":43}},"type":"if","locations":[{"start":{"line":12,"column":2},"end":{"line":12,"column":43}},{"start":{"line":12,"column":2},"end":{"line":12,"column":43}}],"line":12},"3":{"loc":{"start":{"line":35,"column":4},"end":{"line":39,"column":5}},"type":"if","locations":[{"start":{"line":35,"column":4},"end":{"line":39,"column":5}},{"start":{"line":35,"column":4},"end":{"line":39,"column":5}}],"line":35},"4":{"loc":{"start":{"line":37,"column":8},"end":{"line":37,"column":50}},"type":"if","locations":[{"start":{"line":37,"column":8},"end":{"line":37,"column":50}},{"start":{"line":37,"column":8},"end":{"line":37,"column":50}}],"line":37},"5":{"loc":{"start":{"line":53,"column":4},"end":{"line":56,"column":5}},"type":"if","locations":[{"start":{"line":53,"column":4},"end":{"line":56,"column":5}},{"start":{"line":53,"column":4},"end":{"line":56,"column":5}}],"line":53},"6":{"loc":{"start":{"line":87,"column":4},"end":{"line":93,"column":5}},"type":"if","locations":[{"start":{"line":87,"column":4},"end":{"line":93,"column":5}},{"start":{"line":87,"column":4},"end":{"line":93,"column":5}}],"line":87},"7":{"loc":{"start":{"line":105,"column":4},"end":{"line":111,"column":5}},"type":"if","locations":[{"start":{"line":105,"column":4},"end":{"line":111,"column":5}},{"start":{"line":105,"column":4},"end":{"line":111,"column":5}}],"line":105},"8":{"loc":{"start":{"line":113,"column":4},"end":{"line":114,"column":39}},"type":"if","locations":[{"start":{"line":113,"column":4},"end":{"line":114,"column":39}},{"start":{"line":113,"column":4},"end":{"line":114,"column":39}}],"line":113},"9":{"loc":{"start":{"line":125,"column":4},"end":{"line":131,"column":5}},"type":"if","locations":[{"start":{"line":125,"column":4},"end":{"line":131,"column":5}},{"start":{"line":125,"column":4},"end":{"line":131,"column":5}}],"line":125},"10":{"loc":{"start":{"line":139,"column":4},"end":{"line":149,"column":5}},"type":"if","locations":[{"start":{"line":139,"column":4},"end":{"line":149,"column":5}},{"start":{"line":139,"column":4},"end":{"line":149,"column":5}}],"line":139},"11":{"loc":{"start":{"line":154,"column":4},"end":{"line":181,"column":5}},"type":"if","locations":[{"start":{"line":154,"column":4},"end":{"line":181,"column":5}},{"start":{"line":154,"column":4},"end":{"line":181,"column":5}}],"line":154},"12":{"loc":{"start":{"line":162,"column":6},"end":{"line":180,"column":7}},"type":"if","locations":[{"start":{"line":162,"column":6},"end":{"line":180,"column":7}},{"start":{"line":162,"column":6},"end":{"line":180,"column":7}}],"line":162},"13":{"loc":{"start":{"line":168,"column":10},"end":{"line":168,"column":50}},"type":"if","locations":[{"start":{"line":168,"column":10},"end":{"line":168,"column":50}},{"start":{"line":168,"column":10},"end":{"line":168,"column":50}}],"line":168},"14":{"loc":{"start":{"line":177,"column":10},"end":{"line":178,"column":40}},"type":"if","locations":[{"start":{"line":177,"column":10},"end":{"line":178,"column":40}},{"start":{"line":177,"column":10},"end":{"line":178,"column":40}}],"line":177},"15":{"loc":{"start":{"line":198,"column":4},"end":{"line":213,"column":5}},"type":"if","locations":[{"start":{"line":198,"column":4},"end":{"line":213,"column":5}},{"start":{"line":198,"column":4},"end":{"line":213,"column":5}}],"line":198},"16":{"loc":{"start":{"line":227,"column":4},"end":{"line":227,"column":45}},"type":"if","locations":[{"start":{"line":227,"column":4},"end":{"line":227,"column":45}},{"start":{"line":227,"column":4},"end":{"line":227,"column":45}}],"line":227}},"s":{"0":0,"1":0,"2":0,"3":0,"4":0,"5":0,"6":0,"7":0,"8":0,"9":0,"10":0,"11":0,"12":0,"13":0,"14":0,"15":0,"16":0,"17":0,"18":0,"19":0,"20":0,"21":0,"22":0,"23":0,"24":0,"25":0,"26":0,"27":0,"28":0,"29":0,"30":0,"31":0,"32":0,"33":0,"34":0,"35":0,"36":0,"37":0,"38":0,"39":0,"40":0,"41":0,"42":0,"43":0,"44":0,"45":0,"46":0,"47":0,"48":0,"49":0,"50":0,"51":0,"52":0,"53":0,"54":0,"55":0,"56":0,"57":0,"58":0,"59":0,"60":0,"61":0,"62":0,"63":0,"64":0,"65":0,"66":0,"67":0,"68":0,"69":0,"70":0,"71":0,"72":0,"73":0,"74":0,"75":0,"76":0,"77":0,"78":0,"79":0,"80":0,"81":0,"82":0,"83":0,"84":0,"85":0,"86":0,"87":0,"88":0,"89":0,"90":0,"91":0,"92":0,"93":0,"94":0,"95":0,"96":0,"97":0,"98":0,"99":0,"100":0,"101":0,"102":0,"103":0,"104":0,"105":0,"106":0,"107":0,"108":0,"109":0,"110":0,"111":0,"112":0,"113":0,"114":0,"115":0,"116":0,"117":0,"118":0,"119":0},"f":{"0":0,"1":0,"2":0,"3":0,"4":0,"5":0,"6":0,"7":0,"8":0,"9":0,"10":0,"11":0,"12":0,"13":0,"14":0,"15":0,"16":0,"17":0,"18":0,"19":0,"20":0},"b":{"0":[0,0],"1":[0,0],"2":[0,0],"3":[0,0],"4":[0,0],"5":[0,0],"6":[0,0],"7":[0,0],"8":[0,0],"9":[0,0],"10":[0,0],"11":[0,0],"12":[0,0],"13":[0,0],"14":[0,0],"15":[0,0],"16":[0,0]},"hash":"93ddc53933af2dde8cdbaf109e91ffb71bd0fcac"}
,"F:\\Web\\PracticeReactJS\\pizza-order\\src\\utils\\test.util.js": {"path":"F:\\Web\\PracticeReactJS\\pizza-order\\src\\utils\\test.util.js","statementMap":{"0":{"start":{"line":4,"column":23},"end":{"line":8,"column":1}},"1":{"start":{"line":5,"column":2},"end":{"line":7,"column":5}},"2":{"start":{"line":6,"column":4},"end":{"line":6,"column":35}},"3":{"start":{"line":10,"column":22},"end":{"line":19,"column":1}},"4":{"start":{"line":11,"column":2},"end":{"line":18,"column":5}},"5":{"start":{"line":12,"column":4},"end":{"line":17,"column":7}},"6":{"start":{"line":13,"column":37},"end":{"line":13,"column":43}},"7":{"start":{"line":15,"column":19},"end":{"line":15,"column":69}},"8":{"start":{"line":16,"column":6},"end":{"line":16,"column":40}}},"fnMap":{"0":{"name":"(anonymous_0)","decl":{"start":{"line":4,"column":23},"end":{"line":4,"column":24}},"loc":{"start":{"line":4,"column":46},"end":{"line":8,"column":1}},"line":4},"1":{"name":"(anonymous_1)","decl":{"start":{"line":5,"column":18},"end":{"line":5,"column":19}},"loc":{"start":{"line":5,"column":24},"end":{"line":7,"column":3}},"line":5},"2":{"name":"(anonymous_2)","decl":{"start":{"line":10,"column":22},"end":{"line":10,"column":23}},"loc":{"start":{"line":10,"column":46},"end":{"line":19,"column":1}},"line":10},"3":{"name":"(anonymous_3)","decl":{"start":{"line":11,"column":24},"end":{"line":11,"column":25}},"loc":{"start":{"line":11,"column":30},"end":{"line":18,"column":3}},"line":11},"4":{"name":"(anonymous_4)","decl":{"start":{"line":12,"column":20},"end":{"line":12,"column":21}},"loc":{"start":{"line":12,"column":32},"end":{"line":17,"column":5}},"line":12}},"branchMap":{},"s":{"0":16,"1":10,"2":10,"3":16,"4":16,"5":16,"6":16,"7":16,"8":10},"f":{"0":10,"1":10,"2":16,"3":16,"4":16},"b":{},"_coverageSchema":"43e27e138ebf9cfc5966b082cf9a028302ed4184","hash":"012a073a4163431336c773aed45d26aa2e67fc47"}
}
